{
  "stats": {
    "suites": 51,
    "tests": 245,
    "passes": 225,
    "pending": 20,
    "failures": 0,
    "start": "2025-04-06T02:22:31.932Z",
    "end": "2025-04-06T02:24:13.763Z",
    "duration": 101831,
    "testsRegistered": 245,
    "passPercent": 100,
    "pendingPercent": 8.16326530612245,
    "other": 0,
    "hasOther": false,
    "skipped": 0,
    "hasSkipped": false
  },
  "results": [
    {
      "uuid": "f9dac423-caa2-45bd-a12d-e0db4a601e67",
      "title": "",
      "fullFile": "/home/runner/work/CkbGuardian/CkbGuardian/ckb/test/ckb.spec.test.ts",
      "file": "/test/ckb.spec.test.ts",
      "beforeHooks": [],
      "afterHooks": [],
      "tests": [],
      "suites": [
        {
          "uuid": "8e4f153a-23f9-4bcf-9a02-e9ad61fa4066",
          "title": "Ckb Node Rpc check Tests",
          "fullFile": "/home/runner/work/CkbGuardian/CkbGuardian/ckb/test/ckb.spec.test.ts",
          "file": "/test/ckb.spec.test.ts",
          "beforeHooks": [
            {
              "title": "\"before all\" hook in \"Ckb Node Rpc check Tests\"",
              "fullTitle": "Ckb Node Rpc check Tests \"before all\" hook in \"Ckb Node Rpc check Tests\"",
              "timedOut": false,
              "duration": 572,
              "state": null,
              "speed": null,
              "pass": false,
              "fail": false,
              "pending": false,
              "context": null,
              "code": "return __awaiter(_this, void 0, void 0, function () {\n            var version;\n            return __generator(this, function (_a) {\n                switch (_a.label) {\n                    case 0: return [4 /*yield*/, getCkbVersion(TestCkBkbClient)];\n                    case 1:\n                        version = _a.sent();\n                        this.suites[idx].title = this.suites[idx].title + \"(\" + version + \")\";\n                        idx++;\n                        return [2 /*return*/];\n                }\n            });\n        });",
              "err": {},
              "uuid": "d84a336a-785f-4f3b-a347-e238ec9fddd8",
              "parentUUID": "8e4f153a-23f9-4bcf-9a02-e9ad61fa4066",
              "isHook": true,
              "skipped": false
            },
            {
              "title": "\"before all\" hook in \"Ckb Node Rpc check Tests\"",
              "fullTitle": "Ckb Node Rpc check Tests \"before all\" hook in \"Ckb Node Rpc check Tests\"",
              "timedOut": false,
              "duration": 494,
              "state": null,
              "speed": null,
              "pass": false,
              "fail": false,
              "pending": false,
              "context": null,
              "code": "return __awaiter(_this, void 0, void 0, function () {\n            var version;\n            return __generator(this, function (_a) {\n                switch (_a.label) {\n                    case 0: return [4 /*yield*/, getCkbVersion(TestCkBkbClient)];\n                    case 1:\n                        version = _a.sent();\n                        this.suites[idx].title = this.suites[idx].title + \"(\" + version + \")\";\n                        idx++;\n                        return [2 /*return*/];\n                }\n            });\n        });",
              "err": {},
              "uuid": "662ca534-41b6-446c-9fd5-aa5033fab4e9",
              "parentUUID": "8e4f153a-23f9-4bcf-9a02-e9ad61fa4066",
              "isHook": true,
              "skipped": false
            },
            {
              "title": "\"before all\" hook in \"Ckb Node Rpc check Tests\"",
              "fullTitle": "Ckb Node Rpc check Tests \"before all\" hook in \"Ckb Node Rpc check Tests\"",
              "timedOut": false,
              "duration": 507,
              "state": null,
              "speed": null,
              "pass": false,
              "fail": false,
              "pending": false,
              "context": null,
              "code": "return __awaiter(_this, void 0, void 0, function () {\n            var version;\n            return __generator(this, function (_a) {\n                switch (_a.label) {\n                    case 0: return [4 /*yield*/, getCkbVersion(TestCkBkbClient)];\n                    case 1:\n                        version = _a.sent();\n                        this.suites[idx].title = this.suites[idx].title + \"(\" + version + \")\";\n                        idx++;\n                        return [2 /*return*/];\n                }\n            });\n        });",
              "err": {},
              "uuid": "a8a229dd-4d31-42a3-8c6b-ef6a793bfc5e",
              "parentUUID": "8e4f153a-23f9-4bcf-9a02-e9ad61fa4066",
              "isHook": true,
              "skipped": false
            },
            {
              "title": "\"before all\" hook in \"Ckb Node Rpc check Tests\"",
              "fullTitle": "Ckb Node Rpc check Tests \"before all\" hook in \"Ckb Node Rpc check Tests\"",
              "timedOut": false,
              "duration": 503,
              "state": null,
              "speed": null,
              "pass": false,
              "fail": false,
              "pending": false,
              "context": null,
              "code": "return __awaiter(_this, void 0, void 0, function () {\n            var version;\n            return __generator(this, function (_a) {\n                switch (_a.label) {\n                    case 0: return [4 /*yield*/, getCkbVersion(TestCkBkbClient)];\n                    case 1:\n                        version = _a.sent();\n                        this.suites[idx].title = this.suites[idx].title + \"(\" + version + \")\";\n                        idx++;\n                        return [2 /*return*/];\n                }\n            });\n        });",
              "err": {},
              "uuid": "8b6601ac-f985-4667-b2ae-c092dbde618d",
              "parentUUID": "8e4f153a-23f9-4bcf-9a02-e9ad61fa4066",
              "isHook": true,
              "skipped": false
            },
            {
              "title": "\"before all\" hook in \"Ckb Node Rpc check Tests\"",
              "fullTitle": "Ckb Node Rpc check Tests \"before all\" hook in \"Ckb Node Rpc check Tests\"",
              "timedOut": false,
              "duration": 109,
              "state": null,
              "speed": null,
              "pass": false,
              "fail": false,
              "pending": false,
              "context": null,
              "code": "return __awaiter(_this, void 0, void 0, function () {\n            var version;\n            return __generator(this, function (_a) {\n                switch (_a.label) {\n                    case 0: return [4 /*yield*/, getCkbVersion(TestCkBkbClient)];\n                    case 1:\n                        version = _a.sent();\n                        this.suites[idx].title = this.suites[idx].title + \"(\" + version + \")\";\n                        idx++;\n                        return [2 /*return*/];\n                }\n            });\n        });",
              "err": {},
              "uuid": "2c5617fd-5126-4333-bc21-993aaefacbd5",
              "parentUUID": "8e4f153a-23f9-4bcf-9a02-e9ad61fa4066",
              "isHook": true,
              "skipped": false
            }
          ],
          "afterHooks": [],
          "tests": [],
          "suites": [
            {
              "uuid": "1528af7d-9128-451c-91bc-5340004eba8e",
              "title": "public-MIRANA(0.201.0 (b7a95ac 2025-04-02))",
              "fullFile": "/home/runner/work/CkbGuardian/CkbGuardian/ckb/test/ckb.spec.test.ts",
              "file": "/test/ckb.spec.test.ts",
              "beforeHooks": [],
              "afterHooks": [],
              "tests": [],
              "suites": [
                {
                  "uuid": "26080caf-cfd4-413d-9994-37c809a40c6e",
                  "title": "Chain",
                  "fullFile": "/home/runner/work/CkbGuardian/CkbGuardian/ckb/test/ckb.spec.test.ts",
                  "file": "/test/ckb.spec.test.ts",
                  "beforeHooks": [],
                  "afterHooks": [],
                  "tests": [
                    {
                      "title": "get_block",
                      "fullTitle": "Ckb Node Rpc check Tests public-MIRANA(0.201.0 (b7a95ac 2025-04-02)) Chain get_block",
                      "timedOut": false,
                      "duration": 456,
                      "state": "passed",
                      "speed": "slow",
                      "pass": true,
                      "fail": false,
                      "pending": false,
                      "context": null,
                      "code": "return __awaiter(_this, void 0, void 0, function () {\n                    return __generator(this, function (_a) {\n                        switch (_a.label) {\n                            case 0: return [4 /*yield*/, ckbRequestTest(this.ctx, TestCkBkbClient.getBlock(\"0xb2671d3cc16b7738bbc8902ef11322bc2bfe7c54f5ce4a5cdfdf57b1a02fcb11\"), config)];\n                            case 1:\n                                _a.sent();\n                                return [2 /*return*/];\n                        }\n                    });\n                });",
                      "err": {},
                      "uuid": "bd697a81-354f-467b-82c4-64dcfbfc2899",
                      "parentUUID": "26080caf-cfd4-413d-9994-37c809a40c6e",
                      "isHook": false,
                      "skipped": false
                    },
                    {
                      "title": "get_block_by_number",
                      "fullTitle": "Ckb Node Rpc check Tests public-MIRANA(0.201.0 (b7a95ac 2025-04-02)) Chain get_block_by_number",
                      "timedOut": false,
                      "duration": 449,
                      "state": "passed",
                      "speed": "slow",
                      "pass": true,
                      "fail": false,
                      "pending": false,
                      "context": null,
                      "code": "return __awaiter(_this, void 0, void 0, function () {\n                    return __generator(this, function (_a) {\n                        switch (_a.label) {\n                            case 0: return [4 /*yield*/, ckbRequestTest(this.ctx, TestCkBkbClient.getBlockByNumber(\"0x400\"), config)];\n                            case 1:\n                                _a.sent();\n                                return [2 /*return*/];\n                        }\n                    });\n                });",
                      "err": {},
                      "uuid": "d72dcff6-2c10-4f22-9434-f146d29ef46a",
                      "parentUUID": "26080caf-cfd4-413d-9994-37c809a40c6e",
                      "isHook": false,
                      "skipped": false
                    },
                    {
                      "title": "get_header",
                      "fullTitle": "Ckb Node Rpc check Tests public-MIRANA(0.201.0 (b7a95ac 2025-04-02)) Chain get_header",
                      "timedOut": false,
                      "duration": 1263,
                      "state": "passed",
                      "speed": "slow",
                      "pass": true,
                      "fail": false,
                      "pending": false,
                      "context": null,
                      "code": "return __awaiter(_this, void 0, void 0, function () {\n                    return __generator(this, function (_a) {\n                        switch (_a.label) {\n                            case 0: return [4 /*yield*/, ckbRequestTest(this.ctx, TestCkBkbClient.getHeader(\"0xb2671d3cc16b7738bbc8902ef11322bc2bfe7c54f5ce4a5cdfdf57b1a02fcb11\"), config)];\n                            case 1:\n                                _a.sent();\n                                return [2 /*return*/];\n                        }\n                    });\n                });",
                      "err": {},
                      "uuid": "1446ad92-215e-473f-b653-f00d868d0262",
                      "parentUUID": "26080caf-cfd4-413d-9994-37c809a40c6e",
                      "isHook": false,
                      "skipped": false
                    },
                    {
                      "title": "get_header_by_number",
                      "fullTitle": "Ckb Node Rpc check Tests public-MIRANA(0.201.0 (b7a95ac 2025-04-02)) Chain get_header_by_number",
                      "timedOut": false,
                      "duration": 437,
                      "state": "passed",
                      "speed": "slow",
                      "pass": true,
                      "fail": false,
                      "pending": false,
                      "context": null,
                      "code": "return __awaiter(_this, void 0, void 0, function () {\n                    return __generator(this, function (_a) {\n                        switch (_a.label) {\n                            case 0: return [4 /*yield*/, ckbRequestTest(this.ctx, TestCkBkbClient.getHeaderByNumber(\"0x400\"), config)];\n                            case 1:\n                                _a.sent();\n                                return [2 /*return*/];\n                        }\n                    });\n                });",
                      "err": {},
                      "uuid": "6133fce9-3186-4255-9b17-abc898979ebf",
                      "parentUUID": "26080caf-cfd4-413d-9994-37c809a40c6e",
                      "isHook": false,
                      "skipped": false
                    },
                    {
                      "title": "get_block_filter",
                      "fullTitle": "Ckb Node Rpc check Tests public-MIRANA(0.201.0 (b7a95ac 2025-04-02)) Chain get_block_filter",
                      "timedOut": false,
                      "duration": 475,
                      "state": "passed",
                      "speed": "slow",
                      "pass": true,
                      "fail": false,
                      "pending": false,
                      "context": null,
                      "code": "return __awaiter(_this, void 0, void 0, function () {\n                    return __generator(this, function (_a) {\n                        switch (_a.label) {\n                            case 0: return [4 /*yield*/, ckbRequestTest(this.ctx, request(1, config.rpc, \"get_block_filter\", [\"0xb2671d3cc16b7738bbc8902ef11322bc2bfe7c54f5ce4a5cdfdf57b1a02fcb11\"]), config)];\n                            case 1:\n                                _a.sent();\n                                return [2 /*return*/];\n                        }\n                    });\n                });",
                      "err": {},
                      "uuid": "edc114a7-5d08-4480-b5a0-2b1e31235d06",
                      "parentUUID": "26080caf-cfd4-413d-9994-37c809a40c6e",
                      "isHook": false,
                      "skipped": false
                    },
                    {
                      "title": "get_transaction",
                      "fullTitle": "Ckb Node Rpc check Tests public-MIRANA(0.201.0 (b7a95ac 2025-04-02)) Chain get_transaction",
                      "timedOut": false,
                      "duration": 443,
                      "state": "passed",
                      "speed": "slow",
                      "pass": true,
                      "fail": false,
                      "pending": false,
                      "context": null,
                      "code": "return __awaiter(_this, void 0, void 0, function () {\n                    return __generator(this, function (_a) {\n                        switch (_a.label) {\n                            case 0: return [4 /*yield*/, ckbRequestTest(this.ctx, TestCkBkbClient.getTransaction(\"0x037dafd7f9c6f742e8c9f225191b441b0b5c4e8b3c1e87c29a2f2ec2fbbf6934\"), config)];\n                            case 1:\n                                _a.sent();\n                                return [2 /*return*/];\n                        }\n                    });\n                });",
                      "err": {},
                      "uuid": "c5662a7f-b93f-42e6-a88a-4d3c9949c72e",
                      "parentUUID": "26080caf-cfd4-413d-9994-37c809a40c6e",
                      "isHook": false,
                      "skipped": false
                    },
                    {
                      "title": "get_block_hash",
                      "fullTitle": "Ckb Node Rpc check Tests public-MIRANA(0.201.0 (b7a95ac 2025-04-02)) Chain get_block_hash",
                      "timedOut": false,
                      "duration": 443,
                      "state": "passed",
                      "speed": "slow",
                      "pass": true,
                      "fail": false,
                      "pending": false,
                      "context": null,
                      "code": "return __awaiter(_this, void 0, void 0, function () {\n                    return __generator(this, function (_a) {\n                        switch (_a.label) {\n                            case 0: return [4 /*yield*/, ckbRequestTest(this.ctx, TestCkBkbClient.getBlockHash(\"0x400\"), config)];\n                            case 1:\n                                _a.sent();\n                                return [2 /*return*/];\n                        }\n                    });\n                });",
                      "err": {},
                      "uuid": "47525b30-18d2-4167-9ec4-8ff4e58d8a79",
                      "parentUUID": "26080caf-cfd4-413d-9994-37c809a40c6e",
                      "isHook": false,
                      "skipped": false
                    },
                    {
                      "title": "get_tip_header",
                      "fullTitle": "Ckb Node Rpc check Tests public-MIRANA(0.201.0 (b7a95ac 2025-04-02)) Chain get_tip_header",
                      "timedOut": false,
                      "duration": 433,
                      "state": "passed",
                      "speed": "slow",
                      "pass": true,
                      "fail": false,
                      "pending": false,
                      "context": null,
                      "code": "return __awaiter(_this, void 0, void 0, function () {\n                    return __generator(this, function (_a) {\n                        switch (_a.label) {\n                            case 0: return [4 /*yield*/, ckbRequestTest(this.ctx, TestCkBkbClient.getTipHeader(), config)];\n                            case 1:\n                                _a.sent();\n                                return [2 /*return*/];\n                        }\n                    });\n                });",
                      "err": {},
                      "uuid": "258c0f40-d414-4b5c-99a9-50d46da08456",
                      "parentUUID": "26080caf-cfd4-413d-9994-37c809a40c6e",
                      "isHook": false,
                      "skipped": false
                    },
                    {
                      "title": "get_live_cell",
                      "fullTitle": "Ckb Node Rpc check Tests public-MIRANA(0.201.0 (b7a95ac 2025-04-02)) Chain get_live_cell",
                      "timedOut": false,
                      "duration": 440,
                      "state": "passed",
                      "speed": "slow",
                      "pass": true,
                      "fail": false,
                      "pending": false,
                      "context": null,
                      "code": "return __awaiter(_this, void 0, void 0, function () {\n                    return __generator(this, function (_a) {\n                        switch (_a.label) {\n                            case 0: return [4 /*yield*/, ckbRequestTest(this.ctx, TestCkBkbClient.getLiveCell({\n                                    \"index\": \"0x0\",\n                                    \"txHash\": \"0x037dafd7f9c6f742e8c9f225191b441b0b5c4e8b3c1e87c29a2f2ec2fbbf6934\"\n                                }, true), config)];\n                            case 1:\n                                _a.sent();\n                                return [2 /*return*/];\n                        }\n                    });\n                });",
                      "err": {},
                      "uuid": "62f792de-8a44-4f05-82ff-abea33e31159",
                      "parentUUID": "26080caf-cfd4-413d-9994-37c809a40c6e",
                      "isHook": false,
                      "skipped": false
                    },
                    {
                      "title": "get_tip_block_number",
                      "fullTitle": "Ckb Node Rpc check Tests public-MIRANA(0.201.0 (b7a95ac 2025-04-02)) Chain get_tip_block_number",
                      "timedOut": false,
                      "duration": 433,
                      "state": "passed",
                      "speed": "slow",
                      "pass": true,
                      "fail": false,
                      "pending": false,
                      "context": null,
                      "code": "return __awaiter(_this, void 0, void 0, function () {\n                    return __generator(this, function (_a) {\n                        switch (_a.label) {\n                            case 0: return [4 /*yield*/, ckbRequestTest(this.ctx, TestCkBkbClient.getTipBlockNumber(), config)];\n                            case 1:\n                                _a.sent();\n                                return [2 /*return*/];\n                        }\n                    });\n                });",
                      "err": {},
                      "uuid": "fe82427f-937a-43eb-95c7-8a023932288b",
                      "parentUUID": "26080caf-cfd4-413d-9994-37c809a40c6e",
                      "isHook": false,
                      "skipped": false
                    },
                    {
                      "title": "get_current_epoch",
                      "fullTitle": "Ckb Node Rpc check Tests public-MIRANA(0.201.0 (b7a95ac 2025-04-02)) Chain get_current_epoch",
                      "timedOut": false,
                      "duration": 448,
                      "state": "passed",
                      "speed": "slow",
                      "pass": true,
                      "fail": false,
                      "pending": false,
                      "context": null,
                      "code": "return __awaiter(_this, void 0, void 0, function () {\n                    return __generator(this, function (_a) {\n                        switch (_a.label) {\n                            case 0: return [4 /*yield*/, ckbRequestTest(this.ctx, TestCkBkbClient.getCurrentEpoch(), config)];\n                            case 1:\n                                _a.sent();\n                                return [2 /*return*/];\n                        }\n                    });\n                });",
                      "err": {},
                      "uuid": "b15f6acd-c632-40bb-a4a7-0cdfcca9f5cd",
                      "parentUUID": "26080caf-cfd4-413d-9994-37c809a40c6e",
                      "isHook": false,
                      "skipped": false
                    },
                    {
                      "title": "get_epoch_by_number",
                      "fullTitle": "Ckb Node Rpc check Tests public-MIRANA(0.201.0 (b7a95ac 2025-04-02)) Chain get_epoch_by_number",
                      "timedOut": false,
                      "duration": 439,
                      "state": "passed",
                      "speed": "slow",
                      "pass": true,
                      "fail": false,
                      "pending": false,
                      "context": null,
                      "code": "return __awaiter(_this, void 0, void 0, function () {\n                    return __generator(this, function (_a) {\n                        switch (_a.label) {\n                            case 0: return [4 /*yield*/, ckbRequestTest(this.ctx, TestCkBkbClient.getEpochByNumber(\"0x0\"), config)];\n                            case 1:\n                                _a.sent();\n                                return [2 /*return*/];\n                        }\n                    });\n                });",
                      "err": {},
                      "uuid": "7c6423f8-1564-4446-80d3-f7fb8bb88095",
                      "parentUUID": "26080caf-cfd4-413d-9994-37c809a40c6e",
                      "isHook": false,
                      "skipped": false
                    },
                    {
                      "title": "get_block_economic_state",
                      "fullTitle": "Ckb Node Rpc check Tests public-MIRANA(0.201.0 (b7a95ac 2025-04-02)) Chain get_block_economic_state",
                      "timedOut": false,
                      "duration": 1505,
                      "state": "passed",
                      "speed": "slow",
                      "pass": true,
                      "fail": false,
                      "pending": false,
                      "context": null,
                      "code": "return __awaiter(_this, void 0, void 0, function () {\n                    return __generator(this, function (_a) {\n                        switch (_a.label) {\n                            case 0: return [4 /*yield*/, ckbRequestTest(this.ctx, TestCkBkbClient.getBlockEconomicState(\"0xb2671d3cc16b7738bbc8902ef11322bc2bfe7c54f5ce4a5cdfdf57b1a02fcb11\"), config)];\n                            case 1:\n                                _a.sent();\n                                return [2 /*return*/];\n                        }\n                    });\n                });",
                      "err": {},
                      "uuid": "57b30e83-44a1-4ef7-a36d-966eacc097f9",
                      "parentUUID": "26080caf-cfd4-413d-9994-37c809a40c6e",
                      "isHook": false,
                      "skipped": false
                    },
                    {
                      "title": "get_transaction_proof",
                      "fullTitle": "Ckb Node Rpc check Tests public-MIRANA(0.201.0 (b7a95ac 2025-04-02)) Chain get_transaction_proof",
                      "timedOut": false,
                      "duration": 2483,
                      "state": "passed",
                      "speed": "slow",
                      "pass": true,
                      "fail": false,
                      "pending": false,
                      "context": null,
                      "code": "return __awaiter(_this, void 0, void 0, function () {\n                    var block;\n                    return __generator(this, function (_a) {\n                        switch (_a.label) {\n                            case 0: return [4 /*yield*/, TestCkBkbClient.getBlockByNumber(\"0x0\")];\n                            case 1:\n                                block = _a.sent();\n                                return [4 /*yield*/, ckbRequestTest(this.ctx, TestCkBkbClient.getTransactionProof(block.transactions.map(function (tx) { return tx.hash; })), config)];\n                            case 2:\n                                _a.sent();\n                                return [2 /*return*/];\n                        }\n                    });\n                });",
                      "err": {},
                      "uuid": "3a003c4d-9bdf-4023-8d38-5284c0156fd4",
                      "parentUUID": "26080caf-cfd4-413d-9994-37c809a40c6e",
                      "isHook": false,
                      "skipped": false
                    },
                    {
                      "title": "verify_transaction_proof",
                      "fullTitle": "Ckb Node Rpc check Tests public-MIRANA(0.201.0 (b7a95ac 2025-04-02)) Chain verify_transaction_proof",
                      "timedOut": false,
                      "duration": 3195,
                      "state": "passed",
                      "speed": "slow",
                      "pass": true,
                      "fail": false,
                      "pending": false,
                      "context": null,
                      "code": "return __awaiter(_this, void 0, void 0, function () {\n                    var block, proof;\n                    return __generator(this, function (_a) {\n                        switch (_a.label) {\n                            case 0: return [4 /*yield*/, TestCkBkbClient.getBlockByNumber(\"0x0\")];\n                            case 1:\n                                block = _a.sent();\n                                return [4 /*yield*/, TestCkBkbClient.getTransactionProof(block.transactions.map(function (tx) { return tx.hash; }))];\n                            case 2:\n                                proof = _a.sent();\n                                return [4 /*yield*/, ckbRequestTest(this.ctx, TestCkBkbClient.verifyTransactionProof(proof), config)];\n                            case 3:\n                                _a.sent();\n                                return [2 /*return*/];\n                        }\n                    });\n                });",
                      "err": {},
                      "uuid": "35cbd929-3761-486e-9b01-d898fd48aa76",
                      "parentUUID": "26080caf-cfd4-413d-9994-37c809a40c6e",
                      "isHook": false,
                      "skipped": false
                    },
                    {
                      "title": "get_consensus",
                      "fullTitle": "Ckb Node Rpc check Tests public-MIRANA(0.201.0 (b7a95ac 2025-04-02)) Chain get_consensus",
                      "timedOut": false,
                      "duration": 464,
                      "state": "passed",
                      "speed": "slow",
                      "pass": true,
                      "fail": false,
                      "pending": false,
                      "context": null,
                      "code": "return __awaiter(_this, void 0, void 0, function () {\n                    return __generator(this, function (_a) {\n                        switch (_a.label) {\n                            case 0: return [4 /*yield*/, ckbRequestTest(this.ctx, request(1, config.rpc, \"get_consensus\", []), config)];\n                            case 1:\n                                _a.sent();\n                                return [2 /*return*/];\n                        }\n                    });\n                });",
                      "err": {},
                      "uuid": "5868ac3f-1fe9-46c2-9744-1e1d8e17aac0",
                      "parentUUID": "26080caf-cfd4-413d-9994-37c809a40c6e",
                      "isHook": false,
                      "skipped": false
                    },
                    {
                      "title": "get_block_median_time",
                      "fullTitle": "Ckb Node Rpc check Tests public-MIRANA(0.201.0 (b7a95ac 2025-04-02)) Chain get_block_median_time",
                      "timedOut": false,
                      "duration": 476,
                      "state": "passed",
                      "speed": "slow",
                      "pass": true,
                      "fail": false,
                      "pending": false,
                      "context": null,
                      "code": "return __awaiter(_this, void 0, void 0, function () {\n                    return __generator(this, function (_a) {\n                        switch (_a.label) {\n                            case 0: return [4 /*yield*/, ckbRequestTest(this.ctx, request(1, config.rpc, \"get_block_median_time\", [\"0xb3c5b9789dff3821e298a62e6cc4060accb19ed2558f988a8826573252b9ae20\"]), config)];\n                            case 1:\n                                _a.sent();\n                                return [2 /*return*/];\n                        }\n                    });\n                });",
                      "err": {},
                      "uuid": "0ab1520a-a05e-49e1-b62e-092b873ea3b5",
                      "parentUUID": "26080caf-cfd4-413d-9994-37c809a40c6e",
                      "isHook": false,
                      "skipped": false
                    },
                    {
                      "title": "estimate_cycles",
                      "fullTitle": "Ckb Node Rpc check Tests public-MIRANA(0.201.0 (b7a95ac 2025-04-02)) Chain estimate_cycles",
                      "timedOut": false,
                      "duration": 449,
                      "state": "passed",
                      "speed": "slow",
                      "pass": true,
                      "fail": false,
                      "pending": false,
                      "context": null,
                      "code": "return __awaiter(_this, void 0, void 0, function () {\n                    function test() {\n                        return __awaiter(this, void 0, void 0, function () {\n                            var response, e_1;\n                            return __generator(this, function (_a) {\n                                switch (_a.label) {\n                                    case 0:\n                                        _a.trys.push([0, 2, , 3]);\n                                        return [4 /*yield*/, request(1, config.rpc, \"estimate_cycles\", [\n                                                {\n                                                    \"cell_deps\": [\n                                                        {\n                                                            \"dep_type\": \"code\",\n                                                            \"out_point\": {\n                                                                \"index\": \"0x0\",\n                                                                \"tx_hash\": \"0xa4037a893eb48e18ed4ef61034ce26eba9c585f15c9cee102ae58505565eccc3\"\n                                                            }\n                                                        }\n                                                    ],\n                                                    \"header_deps\": [\n                                                        \"0x7978ec7ce5b507cfb52e149e36b1a23f6062ed150503c85bbf825da3599095ed\"\n                                                    ],\n                                                    \"inputs\": [\n                                                        {\n                                                            \"previous_output\": {\n                                                                \"index\": \"0x0\",\n                                                                \"tx_hash\": \"0x365698b50ca0da75dca2c87f9e7b563811d3b5813736b8cc62cc3b106faceb17\"\n                                                            },\n                                                            \"since\": \"0x0\"\n                                                        }\n                                                    ],\n                                                    \"outputs\": [\n                                                        {\n                                                            \"capacity\": \"0x2540be400\",\n                                                            \"lock\": {\n                                                                \"code_hash\": \"0x28e83a1277d48add8e72fadaa9248559e1b632bab2bd60b27955ebc4c03800a5\",\n                                                                \"hash_type\": \"data\",\n                                                                \"args\": \"0x\"\n                                                            },\n                                                            \"type\": null\n                                                        }\n                                                    ],\n                                                    \"outputs_data\": [\n                                                        \"0x\"\n                                                    ],\n                                                    \"version\": \"0x0\",\n                                                    \"witnesses\": []\n                                                }\n                                            ])];\n                                    case 1:\n                                        response = _a.sent();\n                                        console.log(\"response1:\", response);\n                                        return [3 /*break*/, 3];\n                                    case 2:\n                                        e_1 = _a.sent();\n                                        chai_1.expect(e_1.toString()).to.be.include(\"TransactionFailedToResolve\");\n                                        return [2 /*return*/];\n                                    case 3:\n                                        chai_1.expect.fail(\"failed\");\n                                        return [2 /*return*/];\n                                }\n                            });\n                        });\n                    }\n                    return __generator(this, function (_a) {\n                        switch (_a.label) {\n                            case 0: return [4 /*yield*/, ckbRequestTest(this.ctx, test(), config)];\n                            case 1:\n                                _a.sent();\n                                return [2 /*return*/];\n                        }\n                    });\n                });",
                      "err": {},
                      "uuid": "c00316ad-1383-46d6-943c-c0cf626c3717",
                      "parentUUID": "26080caf-cfd4-413d-9994-37c809a40c6e",
                      "isHook": false,
                      "skipped": false
                    },
                    {
                      "title": "get_fee_rate_statics",
                      "fullTitle": "Ckb Node Rpc check Tests public-MIRANA(0.201.0 (b7a95ac 2025-04-02)) Chain get_fee_rate_statics",
                      "timedOut": false,
                      "duration": 447,
                      "state": "passed",
                      "speed": "slow",
                      "pass": true,
                      "fail": false,
                      "pending": false,
                      "context": null,
                      "code": "return __awaiter(_this, void 0, void 0, function () {\n                    return __generator(this, function (_a) {\n                        switch (_a.label) {\n                            case 0: return [4 /*yield*/, ckbRequestTest(this.ctx, request(1, config.rpc, \"get_fee_rate_statics\", []), config)];\n                            case 1:\n                                _a.sent();\n                                return [2 /*return*/];\n                        }\n                    });\n                });",
                      "err": {},
                      "uuid": "08de5e1e-5f74-4b28-84b2-96a7403aebc5",
                      "parentUUID": "26080caf-cfd4-413d-9994-37c809a40c6e",
                      "isHook": false,
                      "skipped": false
                    }
                  ],
                  "suites": [],
                  "passes": [
                    "bd697a81-354f-467b-82c4-64dcfbfc2899",
                    "d72dcff6-2c10-4f22-9434-f146d29ef46a",
                    "1446ad92-215e-473f-b653-f00d868d0262",
                    "6133fce9-3186-4255-9b17-abc898979ebf",
                    "edc114a7-5d08-4480-b5a0-2b1e31235d06",
                    "c5662a7f-b93f-42e6-a88a-4d3c9949c72e",
                    "47525b30-18d2-4167-9ec4-8ff4e58d8a79",
                    "258c0f40-d414-4b5c-99a9-50d46da08456",
                    "62f792de-8a44-4f05-82ff-abea33e31159",
                    "fe82427f-937a-43eb-95c7-8a023932288b",
                    "b15f6acd-c632-40bb-a4a7-0cdfcca9f5cd",
                    "7c6423f8-1564-4446-80d3-f7fb8bb88095",
                    "57b30e83-44a1-4ef7-a36d-966eacc097f9",
                    "3a003c4d-9bdf-4023-8d38-5284c0156fd4",
                    "35cbd929-3761-486e-9b01-d898fd48aa76",
                    "5868ac3f-1fe9-46c2-9744-1e1d8e17aac0",
                    "0ab1520a-a05e-49e1-b62e-092b873ea3b5",
                    "c00316ad-1383-46d6-943c-c0cf626c3717",
                    "08de5e1e-5f74-4b28-84b2-96a7403aebc5"
                  ],
                  "failures": [],
                  "pending": [],
                  "skipped": [],
                  "duration": 15178,
                  "root": false,
                  "rootEmpty": false,
                  "_timeout": 1000000
                },
                {
                  "uuid": "3e8e5cbc-73b5-4b26-a6d9-644dfec2d980",
                  "title": "Experiment",
                  "fullFile": "/home/runner/work/CkbGuardian/CkbGuardian/ckb/test/ckb.spec.test.ts",
                  "file": "/test/ckb.spec.test.ts",
                  "beforeHooks": [],
                  "afterHooks": [],
                  "tests": [
                    {
                      "title": "calculate_dao_maximum_withdraw",
                      "fullTitle": "Ckb Node Rpc check Tests public-MIRANA(0.201.0 (b7a95ac 2025-04-02)) Experiment calculate_dao_maximum_withdraw",
                      "timedOut": false,
                      "duration": 456,
                      "state": "passed",
                      "speed": "slow",
                      "pass": true,
                      "fail": false,
                      "pending": false,
                      "context": null,
                      "code": "return __awaiter(_this, void 0, void 0, function () {\n                    function test() {\n                        return __awaiter(this, void 0, void 0, function () {\n                            var e_2;\n                            return __generator(this, function (_a) {\n                                switch (_a.label) {\n                                    case 0:\n                                        _a.trys.push([0, 2, , 3]);\n                                        return [4 /*yield*/, TestCkBkbClient.calculateDaoMaximumWithdraw({\n                                                index: \"0x1\",\n                                                txHash: \"0x12e82575740ec53e0b52ce8a36e212ad62beb58d1beac997996363e0bfe3d9e5\"\n                                            }, \"0xa5f5c85987a15de25661e5a214f2c1449cd803f071acc7999820f25246471f40\")];\n                                    case 1:\n                                        _a.sent();\n                                        return [3 /*break*/, 3];\n                                    case 2:\n                                        e_2 = _a.sent();\n                                        chai_1.expect(e_2.toString()).to.be.include(\"invalid out_point\");\n                                        return [2 /*return*/];\n                                    case 3:\n                                        chai_1.expect.fail(\"failed \");\n                                        return [2 /*return*/];\n                                }\n                            });\n                        });\n                    }\n                    return __generator(this, function (_a) {\n                        switch (_a.label) {\n                            case 0: return [4 /*yield*/, ckbRequestTest(this.ctx, test(), config)];\n                            case 1:\n                                _a.sent();\n                                return [2 /*return*/];\n                        }\n                    });\n                });",
                      "err": {},
                      "uuid": "aa9255a4-7c73-4419-bbe5-a20b49e357c1",
                      "parentUUID": "3e8e5cbc-73b5-4b26-a6d9-644dfec2d980",
                      "isHook": false,
                      "skipped": false
                    },
                    {
                      "title": "dry_run_transaction",
                      "fullTitle": "Ckb Node Rpc check Tests public-MIRANA(0.201.0 (b7a95ac 2025-04-02)) Experiment dry_run_transaction",
                      "timedOut": false,
                      "duration": 452,
                      "state": "passed",
                      "speed": "slow",
                      "pass": true,
                      "fail": false,
                      "pending": false,
                      "context": null,
                      "code": "return __awaiter(_this, void 0, void 0, function () {\n                    function test() {\n                        return __awaiter(this, void 0, void 0, function () {\n                            var e_3;\n                            return __generator(this, function (_a) {\n                                switch (_a.label) {\n                                    case 0:\n                                        _a.trys.push([0, 2, , 3]);\n                                        return [4 /*yield*/, TestCkBkbClient.dryRunTransaction({\n                                                cellDeps: [\n                                                    {\n                                                        depType: \"code\",\n                                                        outPoint: {\n                                                            index: \"0x0\",\n                                                            txHash: \"0xa4037a893eb48e18ed4ef61034ce26eba9c585f15c9cee102ae58505565eccc3\"\n                                                        }\n                                                    }\n                                                ],\n                                                headerDeps: [\n                                                    \"0x7978ec7ce5b507cfb52e149e36b1a23f6062ed150503c85bbf825da3599095ed\"\n                                                ],\n                                                inputs: [\n                                                    {\n                                                        previousOutput: {\n                                                            index: \"0x0\",\n                                                            txHash: \"0x365698b50ca0da75dca2c87f9e7b563811d3b5813736b8cc62cc3b106faceb17\"\n                                                        },\n                                                        since: \"0x0\"\n                                                    }\n                                                ],\n                                                outputs: [\n                                                    {\n                                                        capacity: \"0x2540be400\",\n                                                        lock: {\n                                                            codeHash: \"0x28e83a1277d48add8e72fadaa9248559e1b632bab2bd60b27955ebc4c03800a5\",\n                                                            hashType: \"data\",\n                                                            args: \"0x\"\n                                                        },\n                                                        type: null\n                                                    }\n                                                ],\n                                                outputsData: [\n                                                    \"0x\"\n                                                ],\n                                                version: \"0x0\",\n                                                witnesses: []\n                                            })];\n                                    case 1:\n                                        _a.sent();\n                                        return [3 /*break*/, 3];\n                                    case 2:\n                                        e_3 = _a.sent();\n                                        chai_1.expect(e_3.toString()).to.be.include(\"TransactionFailedToResolve\");\n                                        return [2 /*return*/];\n                                    case 3:\n                                        chai_1.expect.fail(\"failed\");\n                                        return [2 /*return*/];\n                                }\n                            });\n                        });\n                    }\n                    return __generator(this, function (_a) {\n                        switch (_a.label) {\n                            case 0: return [4 /*yield*/, ckbRequestTest(this.ctx, test(), config)];\n                            case 1:\n                                _a.sent();\n                                return [2 /*return*/];\n                        }\n                    });\n                });",
                      "err": {},
                      "uuid": "6002a7a8-4391-47a7-9b57-253a8dca8d30",
                      "parentUUID": "3e8e5cbc-73b5-4b26-a6d9-644dfec2d980",
                      "isHook": false,
                      "skipped": false
                    }
                  ],
                  "suites": [],
                  "passes": [
                    "aa9255a4-7c73-4419-bbe5-a20b49e357c1",
                    "6002a7a8-4391-47a7-9b57-253a8dca8d30"
                  ],
                  "failures": [],
                  "pending": [],
                  "skipped": [],
                  "duration": 908,
                  "root": false,
                  "rootEmpty": false,
                  "_timeout": 100000000
                },
                {
                  "uuid": "5d13a36c-62f5-4862-ad90-870774d9fa6a",
                  "title": "Alert",
                  "fullFile": "/home/runner/work/CkbGuardian/CkbGuardian/ckb/test/ckb.spec.test.ts",
                  "file": "/test/ckb.spec.test.ts",
                  "beforeHooks": [],
                  "afterHooks": [],
                  "tests": [
                    {
                      "title": "send_alert,should failed",
                      "fullTitle": "Ckb Node Rpc check Tests public-MIRANA(0.201.0 (b7a95ac 2025-04-02)) Alert send_alert,should failed",
                      "timedOut": false,
                      "duration": 458,
                      "state": "passed",
                      "speed": "slow",
                      "pass": true,
                      "fail": false,
                      "pending": false,
                      "context": null,
                      "code": "return __awaiter(_this, void 0, void 0, function () {\n                    return __generator(this, function (_a) {\n                        switch (_a.label) {\n                            case 0: return [4 /*yield*/, ckbRequestTest(this.ctx, request(1, config.rpc, \"send_alert\", [\n                                    {\n                                        \"id\": \"0x1\",\n                                        \"cancel\": \"0x0\",\n                                        \"priority\": \"0x1\",\n                                        \"message\": \"An example alert message!\",\n                                        \"notice_until\": \"0x24bcca57c00\",\n                                        \"signatures\": [\n                                            \"0xbd07059aa9a3d057da294c2c4d96fa1e67eeb089837c87b523f124239e18e9fc7d11bb95b720478f7f937d073517d0e4eb9a91d12da5c88a05f750362f4c214dd0\",\n                                            \"0x0242ef40bb64fe3189284de91f981b17f4d740c5e24a3fc9b70059db6aa1d198a2e76da4f84ab37549880d116860976e0cf81cd039563c452412076ebffa2e4453\"\n                                        ]\n                                    }\n                                ]), config)];\n                            case 1:\n                                _a.sent();\n                                return [2 /*return*/];\n                        }\n                    });\n                });",
                      "err": {},
                      "uuid": "bf0ffe40-ebab-437b-b748-ab7af6a50e7f",
                      "parentUUID": "5d13a36c-62f5-4862-ad90-870774d9fa6a",
                      "isHook": false,
                      "skipped": false
                    }
                  ],
                  "suites": [],
                  "passes": [
                    "bf0ffe40-ebab-437b-b748-ab7af6a50e7f"
                  ],
                  "failures": [],
                  "pending": [],
                  "skipped": [],
                  "duration": 458,
                  "root": false,
                  "rootEmpty": false,
                  "_timeout": 100000000
                },
                {
                  "uuid": "504838bd-2cd6-415b-a050-9fc814f06a78",
                  "title": "Indexer",
                  "fullFile": "/home/runner/work/CkbGuardian/CkbGuardian/ckb/test/ckb.spec.test.ts",
                  "file": "/test/ckb.spec.test.ts",
                  "beforeHooks": [],
                  "afterHooks": [],
                  "tests": [
                    {
                      "title": "get_indexer_tip",
                      "fullTitle": "Ckb Node Rpc check Tests public-MIRANA(0.201.0 (b7a95ac 2025-04-02)) Indexer get_indexer_tip",
                      "timedOut": false,
                      "duration": 425,
                      "state": "passed",
                      "speed": "slow",
                      "pass": true,
                      "fail": false,
                      "pending": false,
                      "context": null,
                      "code": "return __awaiter(_this, void 0, void 0, function () {\n                    return __generator(this, function (_a) {\n                        switch (_a.label) {\n                            case 0: \n                            // await request(1,)\n                            return [4 /*yield*/, ckbRequestTest(this.ctx, TestCkBkbClient.getIndexerTip(), config)];\n                            case 1:\n                                // await request(1,)\n                                _a.sent();\n                                return [2 /*return*/];\n                        }\n                    });\n                });",
                      "err": {},
                      "uuid": "a7fe29e1-e45d-45ed-9748-65299f57a2a5",
                      "parentUUID": "504838bd-2cd6-415b-a050-9fc814f06a78",
                      "isHook": false,
                      "skipped": false
                    },
                    {
                      "title": "get_cells",
                      "fullTitle": "Ckb Node Rpc check Tests public-MIRANA(0.201.0 (b7a95ac 2025-04-02)) Indexer get_cells",
                      "timedOut": false,
                      "duration": 438,
                      "state": "passed",
                      "speed": "slow",
                      "pass": true,
                      "fail": false,
                      "pending": false,
                      "context": null,
                      "code": "return __awaiter(_this, void 0, void 0, function () {\n                    return __generator(this, function (_a) {\n                        switch (_a.label) {\n                            case 0: return [4 /*yield*/, ckbRequestTest(this.ctx, TestCkBkbClient.getCells({\n                                    \"script\": {\n                                        \"codeHash\": \"0x9bd7e06f3ecf4be0f2fcd2188b23f1b9fcc88e5d4b65a8637b17723bbda3cce8\",\n                                        \"hashType\": \"type\",\n                                        \"args\": \"0x5989ae415bb667931a99896e5fbbfad9ba53a223\"\n                                    },\n                                    \"scriptType\": \"lock\"\n                                }, \"asc\", \"0x64\"), config)];\n                            case 1:\n                                _a.sent();\n                                return [2 /*return*/];\n                        }\n                    });\n                });",
                      "err": {},
                      "uuid": "adac282f-5cf7-4fb7-a3a7-842674260c13",
                      "parentUUID": "504838bd-2cd6-415b-a050-9fc814f06a78",
                      "isHook": false,
                      "skipped": false
                    },
                    {
                      "title": "get_transactions",
                      "fullTitle": "Ckb Node Rpc check Tests public-MIRANA(0.201.0 (b7a95ac 2025-04-02)) Indexer get_transactions",
                      "timedOut": false,
                      "duration": 453,
                      "state": "passed",
                      "speed": "slow",
                      "pass": true,
                      "fail": false,
                      "pending": false,
                      "context": null,
                      "code": "return __awaiter(_this, void 0, void 0, function () {\n                    return __generator(this, function (_a) {\n                        switch (_a.label) {\n                            case 0: return [4 /*yield*/, ckbRequestTest(this.ctx, TestCkBkbClient.getTransactions({\n                                    \"script\": {\n                                        \"codeHash\": \"0x9bd7e06f3ecf4be0f2fcd2188b23f1b9fcc88e5d4b65a8637b17723bbda3cce8\",\n                                        \"hashType\": \"type\",\n                                        \"args\": \"0x5989ae415bb667931a99896e5fbbfad9ba53a223\"\n                                    },\n                                    \"scriptType\": \"lock\"\n                                }, \"asc\", \"0x64\"), config)];\n                            case 1:\n                                _a.sent();\n                                return [2 /*return*/];\n                        }\n                    });\n                });",
                      "err": {},
                      "uuid": "2a8c90b9-f421-4901-b65b-f1a80f35872f",
                      "parentUUID": "504838bd-2cd6-415b-a050-9fc814f06a78",
                      "isHook": false,
                      "skipped": false
                    },
                    {
                      "title": "get_cells_capacity",
                      "fullTitle": "Ckb Node Rpc check Tests public-MIRANA(0.201.0 (b7a95ac 2025-04-02)) Indexer get_cells_capacity",
                      "timedOut": false,
                      "duration": 1387,
                      "state": "passed",
                      "speed": "slow",
                      "pass": true,
                      "fail": false,
                      "pending": false,
                      "context": null,
                      "code": "return __awaiter(_this, void 0, void 0, function () {\n                    return __generator(this, function (_a) {\n                        switch (_a.label) {\n                            case 0: return [4 /*yield*/, ckbRequestTest(this.ctx, TestCkBkbClient.getCellsCapacity({\n                                    \"script\": {\n                                        \"codeHash\": \"0x9bd7e06f3ecf4be0f2fcd2188b23f1b9fcc88e5d4b65a8637b17723bbda3cce8\",\n                                        \"hashType\": \"type\",\n                                        \"args\": \"0x5989ae415bb667931a99896e5fbbfad9ba53a223\"\n                                    },\n                                    \"scriptType\": \"lock\"\n                                }), config)];\n                            case 1:\n                                _a.sent();\n                                return [2 /*return*/];\n                        }\n                    });\n                });",
                      "err": {},
                      "uuid": "75ca7fb8-011d-4c53-98a6-50e68501671c",
                      "parentUUID": "504838bd-2cd6-415b-a050-9fc814f06a78",
                      "isHook": false,
                      "skipped": false
                    }
                  ],
                  "suites": [],
                  "passes": [
                    "a7fe29e1-e45d-45ed-9748-65299f57a2a5",
                    "adac282f-5cf7-4fb7-a3a7-842674260c13",
                    "2a8c90b9-f421-4901-b65b-f1a80f35872f",
                    "75ca7fb8-011d-4c53-98a6-50e68501671c"
                  ],
                  "failures": [],
                  "pending": [],
                  "skipped": [],
                  "duration": 2703,
                  "root": false,
                  "rootEmpty": false,
                  "_timeout": 100000000
                },
                {
                  "uuid": "fee42a55-5d6c-4dda-bea3-e7ae8fd79cdc",
                  "title": "IntegrationTest",
                  "fullFile": "/home/runner/work/CkbGuardian/CkbGuardian/ckb/test/ckb.spec.test.ts",
                  "file": "/test/ckb.spec.test.ts",
                  "beforeHooks": [],
                  "afterHooks": [],
                  "tests": [
                    {
                      "title": "process_block_without_verify",
                      "fullTitle": "Ckb Node Rpc check Tests public-MIRANA(0.201.0 (b7a95ac 2025-04-02)) IntegrationTest process_block_without_verify",
                      "timedOut": false,
                      "duration": 0,
                      "state": "pending",
                      "speed": null,
                      "pass": false,
                      "fail": false,
                      "pending": true,
                      "context": null,
                      "code": "",
                      "err": {},
                      "uuid": "1ea555b8-8e39-4caa-af2c-5b1e1900d0b9",
                      "parentUUID": "fee42a55-5d6c-4dda-bea3-e7ae8fd79cdc",
                      "isHook": false,
                      "skipped": false
                    },
                    {
                      "title": "truncate",
                      "fullTitle": "Ckb Node Rpc check Tests public-MIRANA(0.201.0 (b7a95ac 2025-04-02)) IntegrationTest truncate",
                      "timedOut": false,
                      "duration": 0,
                      "state": "pending",
                      "speed": null,
                      "pass": false,
                      "fail": false,
                      "pending": true,
                      "context": null,
                      "code": "",
                      "err": {},
                      "uuid": "12f70c1d-324f-4906-ab4e-da8a7e9046ec",
                      "parentUUID": "fee42a55-5d6c-4dda-bea3-e7ae8fd79cdc",
                      "isHook": false,
                      "skipped": false
                    },
                    {
                      "title": "notify_transaction",
                      "fullTitle": "Ckb Node Rpc check Tests public-MIRANA(0.201.0 (b7a95ac 2025-04-02)) IntegrationTest notify_transaction",
                      "timedOut": false,
                      "duration": 0,
                      "state": "pending",
                      "speed": null,
                      "pass": false,
                      "fail": false,
                      "pending": true,
                      "context": null,
                      "code": "",
                      "err": {},
                      "uuid": "3cf7038e-595f-45ba-aa7f-1e6f4997b49c",
                      "parentUUID": "fee42a55-5d6c-4dda-bea3-e7ae8fd79cdc",
                      "isHook": false,
                      "skipped": false
                    }
                  ],
                  "suites": [],
                  "passes": [],
                  "failures": [],
                  "pending": [
                    "1ea555b8-8e39-4caa-af2c-5b1e1900d0b9",
                    "12f70c1d-324f-4906-ab4e-da8a7e9046ec",
                    "3cf7038e-595f-45ba-aa7f-1e6f4997b49c"
                  ],
                  "skipped": [],
                  "duration": 0,
                  "root": false,
                  "rootEmpty": false,
                  "_timeout": 100000000
                },
                {
                  "uuid": "df2ddef9-804a-482a-8359-7dc2b8d4c1b1",
                  "title": "Net",
                  "fullFile": "/home/runner/work/CkbGuardian/CkbGuardian/ckb/test/ckb.spec.test.ts",
                  "file": "/test/ckb.spec.test.ts",
                  "beforeHooks": [],
                  "afterHooks": [],
                  "tests": [
                    {
                      "title": "local_node_info",
                      "fullTitle": "Ckb Node Rpc check Tests public-MIRANA(0.201.0 (b7a95ac 2025-04-02)) Net local_node_info",
                      "timedOut": false,
                      "duration": 465,
                      "state": "passed",
                      "speed": "slow",
                      "pass": true,
                      "fail": false,
                      "pending": false,
                      "context": null,
                      "code": "return __awaiter(_this, void 0, void 0, function () {\n                    return __generator(this, function (_a) {\n                        switch (_a.label) {\n                            case 0: return [4 /*yield*/, ckbRequestTest(this.ctx, TestCkBkbClient.localNodeInfo(), config)];\n                            case 1:\n                                _a.sent();\n                                return [2 /*return*/];\n                        }\n                    });\n                });",
                      "err": {},
                      "uuid": "776f55e6-d12b-4439-8fa8-7772eb2c83fa",
                      "parentUUID": "df2ddef9-804a-482a-8359-7dc2b8d4c1b1",
                      "isHook": false,
                      "skipped": false
                    },
                    {
                      "title": "get_peers",
                      "fullTitle": "Ckb Node Rpc check Tests public-MIRANA(0.201.0 (b7a95ac 2025-04-02)) Net get_peers",
                      "timedOut": false,
                      "duration": 451,
                      "state": "passed",
                      "speed": "slow",
                      "pass": true,
                      "fail": false,
                      "pending": false,
                      "context": null,
                      "code": "return __awaiter(_this, void 0, void 0, function () {\n                    return __generator(this, function (_a) {\n                        switch (_a.label) {\n                            case 0: return [4 /*yield*/, ckbRequestTest(this.ctx, TestCkBkbClient.getPeers(), config)];\n                            case 1:\n                                _a.sent();\n                                return [2 /*return*/];\n                        }\n                    });\n                });",
                      "err": {},
                      "uuid": "bae6d08d-07a6-4ee4-b523-1cb9c8cf28e0",
                      "parentUUID": "df2ddef9-804a-482a-8359-7dc2b8d4c1b1",
                      "isHook": false,
                      "skipped": false
                    },
                    {
                      "title": "get_banned_addresses",
                      "fullTitle": "Ckb Node Rpc check Tests public-MIRANA(0.201.0 (b7a95ac 2025-04-02)) Net get_banned_addresses",
                      "timedOut": false,
                      "duration": 451,
                      "state": "passed",
                      "speed": "slow",
                      "pass": true,
                      "fail": false,
                      "pending": false,
                      "context": null,
                      "code": "return __awaiter(_this, void 0, void 0, function () {\n                    return __generator(this, function (_a) {\n                        switch (_a.label) {\n                            case 0: return [4 /*yield*/, ckbRequestTest(this.ctx, TestCkBkbClient.getBannedAddresses(), config)];\n                            case 1:\n                                _a.sent();\n                                return [2 /*return*/];\n                        }\n                    });\n                });",
                      "err": {},
                      "uuid": "37f4d6fc-1adc-41b3-8d3d-c156e7740145",
                      "parentUUID": "df2ddef9-804a-482a-8359-7dc2b8d4c1b1",
                      "isHook": false,
                      "skipped": false
                    },
                    {
                      "title": "clear_banned_addresses,should failed",
                      "fullTitle": "Ckb Node Rpc check Tests public-MIRANA(0.201.0 (b7a95ac 2025-04-02)) Net clear_banned_addresses,should failed",
                      "timedOut": false,
                      "duration": 486,
                      "state": "passed",
                      "speed": "slow",
                      "pass": true,
                      "fail": false,
                      "pending": false,
                      "context": null,
                      "code": "return __awaiter(_this, void 0, void 0, function () {\n                    return __generator(this, function (_a) {\n                        switch (_a.label) {\n                            case 0: return [4 /*yield*/, ckbRequestTest(this.ctx, TestCkBkbClient.clearBannedAddresses(), config)];\n                            case 1:\n                                _a.sent();\n                                return [2 /*return*/];\n                        }\n                    });\n                });",
                      "err": {},
                      "uuid": "98921593-6977-4d72-b4d4-2ab77b178d71",
                      "parentUUID": "df2ddef9-804a-482a-8359-7dc2b8d4c1b1",
                      "isHook": false,
                      "skipped": false
                    },
                    {
                      "title": "set_ban,should failed",
                      "fullTitle": "Ckb Node Rpc check Tests public-MIRANA(0.201.0 (b7a95ac 2025-04-02)) Net set_ban,should failed",
                      "timedOut": false,
                      "duration": 443,
                      "state": "passed",
                      "speed": "slow",
                      "pass": true,
                      "fail": false,
                      "pending": false,
                      "context": null,
                      "code": "return __awaiter(_this, void 0, void 0, function () {\n                    return __generator(this, function (_a) {\n                        switch (_a.label) {\n                            case 0: return [4 /*yield*/, ckbRequestTest(this.ctx, TestCkBkbClient.setBan(\"192.168.0.2\", \"delete\", \"0x1ac89236180\", true, \"set_ban example\"), config)];\n                            case 1:\n                                _a.sent();\n                                return [2 /*return*/];\n                        }\n                    });\n                });",
                      "err": {},
                      "uuid": "e2fb0206-d068-4877-a1bf-edd3d02ad122",
                      "parentUUID": "df2ddef9-804a-482a-8359-7dc2b8d4c1b1",
                      "isHook": false,
                      "skipped": false
                    },
                    {
                      "title": "sync_state",
                      "fullTitle": "Ckb Node Rpc check Tests public-MIRANA(0.201.0 (b7a95ac 2025-04-02)) Net sync_state",
                      "timedOut": false,
                      "duration": 441,
                      "state": "passed",
                      "speed": "slow",
                      "pass": true,
                      "fail": false,
                      "pending": false,
                      "context": null,
                      "code": "return __awaiter(_this, void 0, void 0, function () {\n                    return __generator(this, function (_a) {\n                        switch (_a.label) {\n                            case 0: return [4 /*yield*/, ckbRequestTest(this.ctx, TestCkBkbClient.syncState(), config)];\n                            case 1:\n                                _a.sent();\n                                return [2 /*return*/];\n                        }\n                    });\n                });",
                      "err": {},
                      "uuid": "c13d6db4-8c86-4967-94b5-d8e15bc6889c",
                      "parentUUID": "df2ddef9-804a-482a-8359-7dc2b8d4c1b1",
                      "isHook": false,
                      "skipped": false
                    },
                    {
                      "title": "set_network_active,should failed",
                      "fullTitle": "Ckb Node Rpc check Tests public-MIRANA(0.201.0 (b7a95ac 2025-04-02)) Net set_network_active,should failed",
                      "timedOut": false,
                      "duration": 457,
                      "state": "passed",
                      "speed": "slow",
                      "pass": true,
                      "fail": false,
                      "pending": false,
                      "context": null,
                      "code": "return __awaiter(_this, void 0, void 0, function () {\n                    return __generator(this, function (_a) {\n                        switch (_a.label) {\n                            case 0: return [4 /*yield*/, ckbRequestTest(this.ctx, TestCkBkbClient.setNetworkActive(true), config)];\n                            case 1:\n                                _a.sent();\n                                return [2 /*return*/];\n                        }\n                    });\n                });",
                      "err": {},
                      "uuid": "a1c43289-929b-4b77-ad76-80cc658937eb",
                      "parentUUID": "df2ddef9-804a-482a-8359-7dc2b8d4c1b1",
                      "isHook": false,
                      "skipped": false
                    },
                    {
                      "title": "add_node,should failed",
                      "fullTitle": "Ckb Node Rpc check Tests public-MIRANA(0.201.0 (b7a95ac 2025-04-02)) Net add_node,should failed",
                      "timedOut": false,
                      "duration": 230,
                      "state": "passed",
                      "speed": "slow",
                      "pass": true,
                      "fail": false,
                      "pending": false,
                      "context": null,
                      "code": "return __awaiter(_this, void 0, void 0, function () {\n                    return __generator(this, function (_a) {\n                        switch (_a.label) {\n                            case 0: return [4 /*yield*/, ckbRequestTest(this.ctx, TestCkBkbClient.addNode(\"id1\", \"/ip4/192.168.2.100/tcp/8114/QmUsZHPbjjzU627UZFt4k8j6ycEcNvXRnVGxCPKqwbAfQS\"), config)];\n                            case 1:\n                                _a.sent();\n                                return [2 /*return*/];\n                        }\n                    });\n                });",
                      "err": {},
                      "uuid": "c6a91286-486a-4681-b817-c9ee705f8e12",
                      "parentUUID": "df2ddef9-804a-482a-8359-7dc2b8d4c1b1",
                      "isHook": false,
                      "skipped": false
                    },
                    {
                      "title": "remove_node,should failed",
                      "fullTitle": "Ckb Node Rpc check Tests public-MIRANA(0.201.0 (b7a95ac 2025-04-02)) Net remove_node,should failed",
                      "timedOut": false,
                      "duration": 435,
                      "state": "passed",
                      "speed": "slow",
                      "pass": true,
                      "fail": false,
                      "pending": false,
                      "context": null,
                      "code": "return __awaiter(_this, void 0, void 0, function () {\n                    return __generator(this, function (_a) {\n                        switch (_a.label) {\n                            case 0: return [4 /*yield*/, ckbRequestTest(this.ctx, TestCkBkbClient.removeNode(\"1234\"), config)];\n                            case 1:\n                                _a.sent();\n                                return [2 /*return*/];\n                        }\n                    });\n                });",
                      "err": {},
                      "uuid": "d5f69f0e-35b3-4681-ad50-fa395b5d2dc4",
                      "parentUUID": "df2ddef9-804a-482a-8359-7dc2b8d4c1b1",
                      "isHook": false,
                      "skipped": false
                    },
                    {
                      "title": "ping_peers",
                      "fullTitle": "Ckb Node Rpc check Tests public-MIRANA(0.201.0 (b7a95ac 2025-04-02)) Net ping_peers",
                      "timedOut": false,
                      "duration": 442,
                      "state": "passed",
                      "speed": "slow",
                      "pass": true,
                      "fail": false,
                      "pending": false,
                      "context": null,
                      "code": "return __awaiter(_this, void 0, void 0, function () {\n                    return __generator(this, function (_a) {\n                        switch (_a.label) {\n                            case 0: return [4 /*yield*/, ckbRequestTest(this.ctx, TestCkBkbClient.pingPeers(), config)];\n                            case 1:\n                                _a.sent();\n                                return [2 /*return*/];\n                        }\n                    });\n                });",
                      "err": {},
                      "uuid": "8dd155cb-5da3-4e22-a8a2-176291158bd6",
                      "parentUUID": "df2ddef9-804a-482a-8359-7dc2b8d4c1b1",
                      "isHook": false,
                      "skipped": false
                    }
                  ],
                  "suites": [],
                  "passes": [
                    "776f55e6-d12b-4439-8fa8-7772eb2c83fa",
                    "bae6d08d-07a6-4ee4-b523-1cb9c8cf28e0",
                    "37f4d6fc-1adc-41b3-8d3d-c156e7740145",
                    "98921593-6977-4d72-b4d4-2ab77b178d71",
                    "e2fb0206-d068-4877-a1bf-edd3d02ad122",
                    "c13d6db4-8c86-4967-94b5-d8e15bc6889c",
                    "a1c43289-929b-4b77-ad76-80cc658937eb",
                    "c6a91286-486a-4681-b817-c9ee705f8e12",
                    "d5f69f0e-35b3-4681-ad50-fa395b5d2dc4",
                    "8dd155cb-5da3-4e22-a8a2-176291158bd6"
                  ],
                  "failures": [],
                  "pending": [],
                  "skipped": [],
                  "duration": 4301,
                  "root": false,
                  "rootEmpty": false,
                  "_timeout": 100000000
                },
                {
                  "uuid": "ccd62bd7-4e02-4888-aaf9-5a2e4753803e",
                  "title": "Pool",
                  "fullFile": "/home/runner/work/CkbGuardian/CkbGuardian/ckb/test/ckb.spec.test.ts",
                  "file": "/test/ckb.spec.test.ts",
                  "beforeHooks": [],
                  "afterHooks": [],
                  "tests": [
                    {
                      "title": "send_transaction",
                      "fullTitle": "Ckb Node Rpc check Tests public-MIRANA(0.201.0 (b7a95ac 2025-04-02)) Pool send_transaction",
                      "timedOut": false,
                      "duration": 0,
                      "state": "passed",
                      "speed": "fast",
                      "pass": true,
                      "fail": false,
                      "pending": false,
                      "context": null,
[...]
                      "state": "passed",
                      "speed": "medium",
                      "pass": true,
                      "fail": false,
                      "pending": false,
                      "context": null,
                      "code": "return __awaiter(_this, void 0, void 0, function () {\n                    return __generator(this, function (_a) {\n                        switch (_a.label) {\n                            case 0: return [4 /*yield*/, ckbRequestTest(this.ctx, TestCkBkbClient.removeNode(\"1234\"), config)];\n                            case 1:\n                                _a.sent();\n                                return [2 /*return*/];\n                        }\n                    });\n                });",
                      "err": {},
                      "uuid": "5c90202e-adb6-4f7a-b63f-b183243a6314",
                      "parentUUID": "16d69801-da29-40c9-89f4-ee50ab262bd5",
                      "isHook": false,
                      "skipped": false
                    },
                    {
                      "title": "ping_peers",
                      "fullTitle": "Ckb Node Rpc check Tests ankr-MIRANA(0.200.0 (52c2be1 2025-03-05)) Net ping_peers",
                      "timedOut": false,
                      "duration": 72,
                      "state": "passed",
                      "speed": "medium",
                      "pass": true,
                      "fail": false,
                      "pending": false,
                      "context": null,
                      "code": "return __awaiter(_this, void 0, void 0, function () {\n                    return __generator(this, function (_a) {\n                        switch (_a.label) {\n                            case 0: return [4 /*yield*/, ckbRequestTest(this.ctx, TestCkBkbClient.pingPeers(), config)];\n                            case 1:\n                                _a.sent();\n                                return [2 /*return*/];\n                        }\n                    });\n                });",
                      "err": {},
                      "uuid": "46817411-37f4-4cbd-ad97-e254782e28b9",
                      "parentUUID": "16d69801-da29-40c9-89f4-ee50ab262bd5",
                      "isHook": false,
                      "skipped": false
                    }
                  ],
                  "suites": [],
                  "passes": [
                    "98c82c76-99b8-4137-b760-e8862ec04683",
                    "9ebf21bb-8594-464a-b6eb-58e8fc5b1602",
                    "1da76b90-f76f-4082-a75a-ff5cb444c546",
                    "b8f72df0-e027-4636-9877-fa959380f3c1",
                    "376c55f6-b784-4f61-b122-4c13744dfef0",
                    "b9547242-d3cb-4a24-9583-870539176418",
                    "5395c344-643d-4162-8ce3-3f63f80e5254",
                    "09405d27-7ed5-463a-9a3d-64a982271fa3",
                    "5c90202e-adb6-4f7a-b63f-b183243a6314",
                    "46817411-37f4-4cbd-ad97-e254782e28b9"
                  ],
                  "failures": [],
                  "pending": [],
                  "skipped": [],
                  "duration": 3378,
                  "root": false,
                  "rootEmpty": false,
                  "_timeout": 100000000
                },
                {
                  "uuid": "1a9b5c70-6a46-4a23-9539-bc7344e10b33",
                  "title": "Pool",
                  "fullFile": "/home/runner/work/CkbGuardian/CkbGuardian/ckb/test/ckb.spec.test.ts",
                  "file": "/test/ckb.spec.test.ts",
                  "beforeHooks": [],
                  "afterHooks": [],
                  "tests": [
                    {
                      "title": "send_transaction",
                      "fullTitle": "Ckb Node Rpc check Tests ankr-MIRANA(0.200.0 (52c2be1 2025-03-05)) Pool send_transaction",
                      "timedOut": false,
                      "duration": 0,
                      "state": "passed",
                      "speed": "fast",
                      "pass": true,
                      "fail": false,
                      "pending": false,
                      "context": null,
                      "code": "return __awaiter(_this, void 0, void 0, function () {\n                    return __generator(this, function (_a) {\n                        return [2 /*return*/];\n                    });\n                });",
                      "err": {},
                      "uuid": "f336386f-aa1d-44af-a156-7807071dfc3b",
                      "parentUUID": "1a9b5c70-6a46-4a23-9539-bc7344e10b33",
                      "isHook": false,
                      "skipped": false
                    },
                    {
                      "title": "remove_transaction,should failed",
                      "fullTitle": "Ckb Node Rpc check Tests ankr-MIRANA(0.200.0 (52c2be1 2025-03-05)) Pool remove_transaction,should failed",
                      "timedOut": false,
                      "duration": 71,
                      "state": "passed",
                      "speed": "medium",
                      "pass": true,
                      "fail": false,
                      "pending": false,
                      "context": null,
                      "code": "return __awaiter(_this, void 0, void 0, function () {\n                    return __generator(this, function (_a) {\n                        switch (_a.label) {\n                            case 0: return [4 /*yield*/, ckbRequestTest(this.ctx, request(1, config.rpc, \"remove_transaction\", [\"0xa0ef4eb5f4ceeb08a4c8524d84c5da95dce2f608e0ca2ec8091191b0f330c6e3\"]), config)];\n                            case 1:\n                                _a.sent();\n                                return [2 /*return*/];\n                        }\n                    });\n                });",
                      "err": {},
                      "uuid": "f75d2fb4-81a3-4a53-997d-138717c29774",
                      "parentUUID": "1a9b5c70-6a46-4a23-9539-bc7344e10b33",
                      "isHook": false,
                      "skipped": false
                    },
                    {
                      "title": "tx_pool_info",
                      "fullTitle": "Ckb Node Rpc check Tests ankr-MIRANA(0.200.0 (52c2be1 2025-03-05)) Pool tx_pool_info",
                      "timedOut": false,
                      "duration": 76,
                      "state": "passed",
                      "speed": "slow",
                      "pass": true,
                      "fail": false,
                      "pending": false,
                      "context": null,
                      "code": "return __awaiter(_this, void 0, void 0, function () {\n                    return __generator(this, function (_a) {\n                        switch (_a.label) {\n                            case 0: return [4 /*yield*/, ckbRequestTest(this.ctx, TestCkBkbClient.txPoolInfo(), config)];\n                            case 1:\n                                _a.sent();\n                                return [2 /*return*/];\n                        }\n                    });\n                });",
                      "err": {},
                      "uuid": "15ebb86c-dcb7-457b-bf6c-e7bd9ca8d5ea",
                      "parentUUID": "1a9b5c70-6a46-4a23-9539-bc7344e10b33",
                      "isHook": false,
                      "skipped": false
                    },
                    {
                      "title": "clear_tx_pool,should failed",
                      "fullTitle": "Ckb Node Rpc check Tests ankr-MIRANA(0.200.0 (52c2be1 2025-03-05)) Pool clear_tx_pool,should failed",
                      "timedOut": false,
                      "duration": 69,
                      "state": "passed",
                      "speed": "medium",
                      "pass": true,
                      "fail": false,
                      "pending": false,
                      "context": null,
                      "code": "return __awaiter(_this, void 0, void 0, function () {\n                    return __generator(this, function (_a) {\n                        switch (_a.label) {\n                            case 0: return [4 /*yield*/, ckbRequestTest(this.ctx, TestCkBkbClient.clearTxPool(), config)];\n                            case 1:\n                                _a.sent();\n                                return [2 /*return*/];\n                        }\n                    });\n                });",
                      "err": {},
                      "uuid": "5d71763e-97e2-4fb8-bf86-32ec5a54df35",
                      "parentUUID": "1a9b5c70-6a46-4a23-9539-bc7344e10b33",
                      "isHook": false,
                      "skipped": false
                    },
                    {
                      "title": "get_raw_tx_pool",
                      "fullTitle": "Ckb Node Rpc check Tests ankr-MIRANA(0.200.0 (52c2be1 2025-03-05)) Pool get_raw_tx_pool",
                      "timedOut": false,
                      "duration": 80,
                      "state": "passed",
                      "speed": "slow",
                      "pass": true,
                      "fail": false,
                      "pending": false,
                      "context": null,
                      "code": "return __awaiter(_this, void 0, void 0, function () {\n                    return __generator(this, function (_a) {\n                        switch (_a.label) {\n                            case 0: return [4 /*yield*/, ckbRequestTest(this.ctx, TestCkBkbClient.getRawTxPool(), config)];\n                            case 1:\n                                _a.sent();\n                                return [2 /*return*/];\n                        }\n                    });\n                });",
                      "err": {},
                      "uuid": "d199b1ba-6642-4597-825d-dd8404f057a6",
                      "parentUUID": "1a9b5c70-6a46-4a23-9539-bc7344e10b33",
                      "isHook": false,
                      "skipped": false
                    },
                    {
                      "title": "tx_pool_ready",
                      "fullTitle": "Ckb Node Rpc check Tests ankr-MIRANA(0.200.0 (52c2be1 2025-03-05)) Pool tx_pool_ready",
                      "timedOut": false,
                      "duration": 74,
                      "state": "passed",
                      "speed": "medium",
                      "pass": true,
                      "fail": false,
                      "pending": false,
                      "context": null,
                      "code": "return __awaiter(_this, void 0, void 0, function () {\n                    return __generator(this, function (_a) {\n                        switch (_a.label) {\n                            case 0: return [4 /*yield*/, ckbRequestTest(this.ctx, request(1, config.rpc, \"tx_pool_ready\", []), config)];\n                            case 1:\n                                _a.sent();\n                                return [2 /*return*/];\n                        }\n                    });\n                });",
                      "err": {},
                      "uuid": "70b54258-74d0-4c6e-ade3-dbf90d169b7c",
                      "parentUUID": "1a9b5c70-6a46-4a23-9539-bc7344e10b33",
                      "isHook": false,
                      "skipped": false
                    }
                  ],
                  "suites": [],
                  "passes": [
                    "f336386f-aa1d-44af-a156-7807071dfc3b",
                    "f75d2fb4-81a3-4a53-997d-138717c29774",
                    "15ebb86c-dcb7-457b-bf6c-e7bd9ca8d5ea",
                    "5d71763e-97e2-4fb8-bf86-32ec5a54df35",
                    "d199b1ba-6642-4597-825d-dd8404f057a6",
                    "70b54258-74d0-4c6e-ade3-dbf90d169b7c"
                  ],
                  "failures": [],
                  "pending": [],
                  "skipped": [],
                  "duration": 370,
                  "root": false,
                  "rootEmpty": false,
                  "_timeout": 100000000
                },
                {
                  "uuid": "99001d2a-554e-44cb-bdec-c5dfdaed478e",
                  "title": "Stats",
                  "fullFile": "/home/runner/work/CkbGuardian/CkbGuardian/ckb/test/ckb.spec.test.ts",
                  "file": "/test/ckb.spec.test.ts",
                  "beforeHooks": [],
                  "afterHooks": [],
                  "tests": [
                    {
                      "title": "get_blockchain_info",
                      "fullTitle": "Ckb Node Rpc check Tests ankr-MIRANA(0.200.0 (52c2be1 2025-03-05)) Stats get_blockchain_info",
                      "timedOut": false,
                      "duration": 77,
                      "state": "passed",
                      "speed": "slow",
                      "pass": true,
                      "fail": false,
                      "pending": false,
                      "context": null,
                      "code": "return __awaiter(_this, void 0, void 0, function () {\n                    return __generator(this, function (_a) {\n                        switch (_a.label) {\n                            case 0: return [4 /*yield*/, ckbRequestTest(this.ctx, request(1, config.rpc, \"get_blockchain_info\", []), config)];\n                            case 1:\n                                _a.sent();\n                                return [2 /*return*/];\n                        }\n                    });\n                });",
                      "err": {},
                      "uuid": "b8309bcc-07a0-40ac-a598-4004e67f5e89",
                      "parentUUID": "99001d2a-554e-44cb-bdec-c5dfdaed478e",
                      "isHook": false,
                      "skipped": false
                    },
                    {
                      "title": "get_deployments_info",
                      "fullTitle": "Ckb Node Rpc check Tests ankr-MIRANA(0.200.0 (52c2be1 2025-03-05)) Stats get_deployments_info",
                      "timedOut": false,
                      "duration": 212,
                      "state": "passed",
                      "speed": "slow",
                      "pass": true,
                      "fail": false,
                      "pending": false,
                      "context": null,
                      "code": "return __awaiter(_this, void 0, void 0, function () {\n                    return __generator(this, function (_a) {\n                        switch (_a.label) {\n                            case 0: return [4 /*yield*/, ckbRequestTest(this.ctx, request(1, config.rpc, \"get_deployments_info\", []), config)];\n                            case 1:\n                                _a.sent();\n                                return [2 /*return*/];\n                        }\n                    });\n                });",
                      "err": {},
                      "uuid": "4107f6c9-3366-48d3-902a-d877468113f8",
                      "parentUUID": "99001d2a-554e-44cb-bdec-c5dfdaed478e",
                      "isHook": false,
                      "skipped": false
                    }
                  ],
                  "suites": [],
                  "passes": [
                    "b8309bcc-07a0-40ac-a598-4004e67f5e89",
                    "4107f6c9-3366-48d3-902a-d877468113f8"
                  ],
                  "failures": [],
                  "pending": [],
                  "skipped": [],
                  "duration": 289,
                  "root": false,
                  "rootEmpty": false,
                  "_timeout": 100000000
                },
                {
                  "uuid": "792326c7-db92-4071-865b-3fc51f442ebe",
                  "title": "Subscription",
                  "fullFile": "/home/runner/work/CkbGuardian/CkbGuardian/ckb/test/ckb.spec.test.ts",
                  "file": "/test/ckb.spec.test.ts",
                  "beforeHooks": [],
                  "afterHooks": [],
                  "tests": [
                    {
                      "title": "subscribe,should failed",
                      "fullTitle": "Ckb Node Rpc check Tests ankr-MIRANA(0.200.0 (52c2be1 2025-03-05)) Subscription subscribe,should failed",
                      "timedOut": false,
                      "duration": 146,
                      "state": "passed",
                      "speed": "slow",
                      "pass": true,
                      "fail": false,
                      "pending": false,
                      "context": null,
                      "code": "return __awaiter(_this, void 0, void 0, function () {\n                    return __generator(this, function (_a) {\n                        switch (_a.label) {\n                            case 0: return [4 /*yield*/, ckbRequestTest(this.ctx, request(1, config.rpc, \"subscribe\", [\"new_tip_header\"]), config)];\n                            case 1:\n                                _a.sent();\n                                return [2 /*return*/];\n                        }\n                    });\n                });",
                      "err": {},
                      "uuid": "7a97c969-59c4-4c07-b854-95e17c32d850",
                      "parentUUID": "792326c7-db92-4071-865b-3fc51f442ebe",
                      "isHook": false,
                      "skipped": false
                    },
                    {
                      "title": "unsubscribe",
                      "fullTitle": "Ckb Node Rpc check Tests ankr-MIRANA(0.200.0 (52c2be1 2025-03-05)) Subscription unsubscribe",
                      "timedOut": false,
                      "duration": 0,
                      "state": "pending",
                      "speed": null,
                      "pass": false,
                      "fail": false,
                      "pending": true,
                      "context": null,
                      "code": "",
                      "err": {},
                      "uuid": "6931ad3c-fdf9-4dd9-bfe5-802b6103abfd",
                      "parentUUID": "792326c7-db92-4071-865b-3fc51f442ebe",
                      "isHook": false,
                      "skipped": false
                    }
                  ],
                  "suites": [],
                  "passes": [
                    "7a97c969-59c4-4c07-b854-95e17c32d850"
                  ],
                  "failures": [],
                  "pending": [
                    "6931ad3c-fdf9-4dd9-bfe5-802b6103abfd"
                  ],
                  "skipped": [],
                  "duration": 146,
                  "root": false,
                  "rootEmpty": false,
                  "_timeout": 100000000
                }
              ],
              "passes": [],
              "failures": [],
              "pending": [],
              "skipped": [],
              "duration": 0,
              "root": false,
              "rootEmpty": false,
              "_timeout": 100000000
            }
          ],
          "passes": [],
          "failures": [],
          "pending": [],
          "skipped": [],
          "duration": 0,
          "root": false,
          "rootEmpty": false,
          "_timeout": 100000000
        }
      ],
      "passes": [],
      "failures": [],
      "pending": [],
      "skipped": [],
      "duration": 0,
      "root": true,
      "rootEmpty": true,
      "_timeout": 2000
    }
  ],
  "meta": {
    "mocha": {
      "version": "9.2.2"
    },
    "mochawesome": {
      "options": {
        "quiet": false,
        "reportFilename": "mochawesome",
        "saveHtml": true,
        "saveJson": true,
        "consoleReporter": "spec",
        "useInlineDiffs": false,
        "code": true
      },
      "version": "7.1.3"
    },
    "marge": {
      "options": null,
      "version": "6.2.0"
    }
  }
}