{
  "stats": {
    "suites": 51,
    "tests": 245,
    "passes": 225,
    "pending": 20,
    "failures": 0,
    "start": "2025-04-05T02:20:19.780Z",
    "end": "2025-04-05T02:21:29.024Z",
    "duration": 69244,
    "testsRegistered": 245,
    "passPercent": 100,
    "pendingPercent": 8.16326530612245,
    "other": 0,
    "hasOther": false,
    "skipped": 0,
    "hasSkipped": false
  },
  "results": [
    {
      "uuid": "63edcb0c-83fb-4338-82eb-7a4897a680f8",
      "title": "",
      "fullFile": "/home/runner/work/CkbGuardian/CkbGuardian/ckb/test/ckb.spec.test.ts",
      "file": "/test/ckb.spec.test.ts",
      "beforeHooks": [],
      "afterHooks": [],
      "tests": [],
      "suites": [
        {
          "uuid": "f3b4807a-52fb-4499-8086-3660d3c563bc",
          "title": "Ckb Node Rpc check Tests",
          "fullFile": "/home/runner/work/CkbGuardian/CkbGuardian/ckb/test/ckb.spec.test.ts",
          "file": "/test/ckb.spec.test.ts",
          "beforeHooks": [
            {
              "title": "\"before all\" hook in \"Ckb Node Rpc check Tests\"",
              "fullTitle": "Ckb Node Rpc check Tests \"before all\" hook in \"Ckb Node Rpc check Tests\"",
              "timedOut": false,
              "duration": 1114,
              "state": null,
              "speed": null,
              "pass": false,
              "fail": false,
              "pending": false,
              "context": null,
              "code": "return __awaiter(_this, void 0, void 0, function () {\n            var version;\n            return __generator(this, function (_a) {\n                switch (_a.label) {\n                    case 0: return [4 /*yield*/, getCkbVersion(TestCkBkbClient)];\n                    case 1:\n                        version = _a.sent();\n                        this.suites[idx].title = this.suites[idx].title + \"(\" + version + \")\";\n                        idx++;\n                        return [2 /*return*/];\n                }\n            });\n        });",
              "err": {},
              "uuid": "18cc66f3-beeb-439f-aacf-ad423389d635",
              "parentUUID": "f3b4807a-52fb-4499-8086-3660d3c563bc",
              "isHook": true,
              "skipped": false
            },
            {
              "title": "\"before all\" hook in \"Ckb Node Rpc check Tests\"",
              "fullTitle": "Ckb Node Rpc check Tests \"before all\" hook in \"Ckb Node Rpc check Tests\"",
              "timedOut": false,
              "duration": 440,
              "state": null,
              "speed": null,
              "pass": false,
              "fail": false,
              "pending": false,
              "context": null,
              "code": "return __awaiter(_this, void 0, void 0, function () {\n            var version;\n            return __generator(this, function (_a) {\n                switch (_a.label) {\n                    case 0: return [4 /*yield*/, getCkbVersion(TestCkBkbClient)];\n                    case 1:\n                        version = _a.sent();\n                        this.suites[idx].title = this.suites[idx].title + \"(\" + version + \")\";\n                        idx++;\n                        return [2 /*return*/];\n                }\n            });\n        });",
              "err": {},
              "uuid": "d7766d1c-318e-4b0b-9e1f-a77375b106db",
              "parentUUID": "f3b4807a-52fb-4499-8086-3660d3c563bc",
              "isHook": true,
              "skipped": false
            },
            {
              "title": "\"before all\" hook in \"Ckb Node Rpc check Tests\"",
              "fullTitle": "Ckb Node Rpc check Tests \"before all\" hook in \"Ckb Node Rpc check Tests\"",
              "timedOut": false,
              "duration": 494,
              "state": null,
              "speed": null,
              "pass": false,
              "fail": false,
              "pending": false,
              "context": null,
              "code": "return __awaiter(_this, void 0, void 0, function () {\n            var version;\n            return __generator(this, function (_a) {\n                switch (_a.label) {\n                    case 0: return [4 /*yield*/, getCkbVersion(TestCkBkbClient)];\n                    case 1:\n                        version = _a.sent();\n                        this.suites[idx].title = this.suites[idx].title + \"(\" + version + \")\";\n                        idx++;\n                        return [2 /*return*/];\n                }\n            });\n        });",
              "err": {},
              "uuid": "0ab41f47-9ee5-4610-918d-b7126c0cc57c",
              "parentUUID": "f3b4807a-52fb-4499-8086-3660d3c563bc",
              "isHook": true,
              "skipped": false
            },
            {
              "title": "\"before all\" hook in \"Ckb Node Rpc check Tests\"",
              "fullTitle": "Ckb Node Rpc check Tests \"before all\" hook in \"Ckb Node Rpc check Tests\"",
              "timedOut": false,
              "duration": 362,
              "state": null,
              "speed": null,
              "pass": false,
              "fail": false,
              "pending": false,
              "context": null,
              "code": "return __awaiter(_this, void 0, void 0, function () {\n            var version;\n            return __generator(this, function (_a) {\n                switch (_a.label) {\n                    case 0: return [4 /*yield*/, getCkbVersion(TestCkBkbClient)];\n                    case 1:\n                        version = _a.sent();\n                        this.suites[idx].title = this.suites[idx].title + \"(\" + version + \")\";\n                        idx++;\n                        return [2 /*return*/];\n                }\n            });\n        });",
              "err": {},
              "uuid": "271ef234-ffbd-4033-8fc1-4ea5e335cda9",
              "parentUUID": "f3b4807a-52fb-4499-8086-3660d3c563bc",
              "isHook": true,
              "skipped": false
            },
            {
              "title": "\"before all\" hook in \"Ckb Node Rpc check Tests\"",
              "fullTitle": "Ckb Node Rpc check Tests \"before all\" hook in \"Ckb Node Rpc check Tests\"",
              "timedOut": false,
              "duration": 215,
              "state": null,
              "speed": null,
              "pass": false,
              "fail": false,
              "pending": false,
              "context": null,
              "code": "return __awaiter(_this, void 0, void 0, function () {\n            var version;\n            return __generator(this, function (_a) {\n                switch (_a.label) {\n                    case 0: return [4 /*yield*/, getCkbVersion(TestCkBkbClient)];\n                    case 1:\n                        version = _a.sent();\n                        this.suites[idx].title = this.suites[idx].title + \"(\" + version + \")\";\n                        idx++;\n                        return [2 /*return*/];\n                }\n            });\n        });",
              "err": {},
              "uuid": "4457043b-72be-4614-86d8-b92738f2d832",
              "parentUUID": "f3b4807a-52fb-4499-8086-3660d3c563bc",
              "isHook": true,
              "skipped": false
            }
          ],
          "afterHooks": [],
          "tests": [],
          "suites": [
            {
              "uuid": "f8281f61-6de3-465f-96f6-fc5b239366f4",
              "title": "public-MIRANA(0.201.0 (b7a95ac 2025-04-02))",
              "fullFile": "/home/runner/work/CkbGuardian/CkbGuardian/ckb/test/ckb.spec.test.ts",
              "file": "/test/ckb.spec.test.ts",
              "beforeHooks": [],
              "afterHooks": [],
              "tests": [],
              "suites": [
                {
                  "uuid": "6ecfc7be-5b02-4794-9c4d-e75e63caf085",
                  "title": "Chain",
                  "fullFile": "/home/runner/work/CkbGuardian/CkbGuardian/ckb/test/ckb.spec.test.ts",
                  "file": "/test/ckb.spec.test.ts",
                  "beforeHooks": [],
                  "afterHooks": [],
                  "tests": [
                    {
                      "title": "get_block",
                      "fullTitle": "Ckb Node Rpc check Tests public-MIRANA(0.201.0 (b7a95ac 2025-04-02)) Chain get_block",
                      "timedOut": false,
                      "duration": 399,
                      "state": "passed",
                      "speed": "slow",
                      "pass": true,
                      "fail": false,
                      "pending": false,
                      "context": null,
                      "code": "return __awaiter(_this, void 0, void 0, function () {\n                    return __generator(this, function (_a) {\n                        switch (_a.label) {\n                            case 0: return [4 /*yield*/, ckbRequestTest(this.ctx, TestCkBkbClient.getBlock(\"0xb2671d3cc16b7738bbc8902ef11322bc2bfe7c54f5ce4a5cdfdf57b1a02fcb11\"), config)];\n                            case 1:\n                                _a.sent();\n                                return [2 /*return*/];\n                        }\n                    });\n                });",
                      "err": {},
                      "uuid": "f813e5b3-df39-4210-841c-d490f3fa4c2a",
                      "parentUUID": "6ecfc7be-5b02-4794-9c4d-e75e63caf085",
                      "isHook": false,
                      "skipped": false
                    },
                    {
                      "title": "get_block_by_number",
                      "fullTitle": "Ckb Node Rpc check Tests public-MIRANA(0.201.0 (b7a95ac 2025-04-02)) Chain get_block_by_number",
                      "timedOut": false,
                      "duration": 659,
                      "state": "passed",
                      "speed": "slow",
                      "pass": true,
                      "fail": false,
                      "pending": false,
                      "context": null,
                      "code": "return __awaiter(_this, void 0, void 0, function () {\n                    return __generator(this, function (_a) {\n                        switch (_a.label) {\n                            case 0: return [4 /*yield*/, ckbRequestTest(this.ctx, TestCkBkbClient.getBlockByNumber(\"0x400\"), config)];\n                            case 1:\n                                _a.sent();\n                                return [2 /*return*/];\n                        }\n                    });\n                });",
                      "err": {},
                      "uuid": "8bbebfba-d370-42db-a90a-302d48caaebf",
                      "parentUUID": "6ecfc7be-5b02-4794-9c4d-e75e63caf085",
                      "isHook": false,
                      "skipped": false
                    },
                    {
                      "title": "get_header",
                      "fullTitle": "Ckb Node Rpc check Tests public-MIRANA(0.201.0 (b7a95ac 2025-04-02)) Chain get_header",
                      "timedOut": false,
                      "duration": 361,
                      "state": "passed",
                      "speed": "slow",
                      "pass": true,
                      "fail": false,
                      "pending": false,
                      "context": null,
                      "code": "return __awaiter(_this, void 0, void 0, function () {\n                    return __generator(this, function (_a) {\n                        switch (_a.label) {\n                            case 0: return [4 /*yield*/, ckbRequestTest(this.ctx, TestCkBkbClient.getHeader(\"0xb2671d3cc16b7738bbc8902ef11322bc2bfe7c54f5ce4a5cdfdf57b1a02fcb11\"), config)];\n                            case 1:\n                                _a.sent();\n                                return [2 /*return*/];\n                        }\n                    });\n                });",
                      "err": {},
                      "uuid": "2eca60b5-dc87-46cf-bb11-20dbb2732ab7",
                      "parentUUID": "6ecfc7be-5b02-4794-9c4d-e75e63caf085",
                      "isHook": false,
                      "skipped": false
                    },
                    {
                      "title": "get_header_by_number",
                      "fullTitle": "Ckb Node Rpc check Tests public-MIRANA(0.201.0 (b7a95ac 2025-04-02)) Chain get_header_by_number",
                      "timedOut": false,
                      "duration": 363,
                      "state": "passed",
                      "speed": "slow",
                      "pass": true,
                      "fail": false,
                      "pending": false,
                      "context": null,
                      "code": "return __awaiter(_this, void 0, void 0, function () {\n                    return __generator(this, function (_a) {\n                        switch (_a.label) {\n                            case 0: return [4 /*yield*/, ckbRequestTest(this.ctx, TestCkBkbClient.getHeaderByNumber(\"0x400\"), config)];\n                            case 1:\n                                _a.sent();\n                                return [2 /*return*/];\n                        }\n                    });\n                });",
                      "err": {},
                      "uuid": "3e447ad9-67f9-4696-9598-0f9555c52e93",
                      "parentUUID": "6ecfc7be-5b02-4794-9c4d-e75e63caf085",
                      "isHook": false,
                      "skipped": false
                    },
                    {
                      "title": "get_block_filter",
                      "fullTitle": "Ckb Node Rpc check Tests public-MIRANA(0.201.0 (b7a95ac 2025-04-02)) Chain get_block_filter",
                      "timedOut": false,
                      "duration": 363,
                      "state": "passed",
                      "speed": "slow",
                      "pass": true,
                      "fail": false,
                      "pending": false,
                      "context": null,
                      "code": "return __awaiter(_this, void 0, void 0, function () {\n                    return __generator(this, function (_a) {\n                        switch (_a.label) {\n                            case 0: return [4 /*yield*/, ckbRequestTest(this.ctx, request(1, config.rpc, \"get_block_filter\", [\"0xb2671d3cc16b7738bbc8902ef11322bc2bfe7c54f5ce4a5cdfdf57b1a02fcb11\"]), config)];\n                            case 1:\n                                _a.sent();\n                                return [2 /*return*/];\n                        }\n                    });\n                });",
                      "err": {},
                      "uuid": "bbcd35e1-9ad3-462f-ae96-9f72c27d2e0b",
                      "parentUUID": "6ecfc7be-5b02-4794-9c4d-e75e63caf085",
                      "isHook": false,
                      "skipped": false
                    },
                    {
                      "title": "get_transaction",
                      "fullTitle": "Ckb Node Rpc check Tests public-MIRANA(0.201.0 (b7a95ac 2025-04-02)) Chain get_transaction",
                      "timedOut": false,
                      "duration": 200,
                      "state": "passed",
                      "speed": "slow",
                      "pass": true,
                      "fail": false,
                      "pending": false,
                      "context": null,
                      "code": "return __awaiter(_this, void 0, void 0, function () {\n                    return __generator(this, function (_a) {\n                        switch (_a.label) {\n                            case 0: return [4 /*yield*/, ckbRequestTest(this.ctx, TestCkBkbClient.getTransaction(\"0x037dafd7f9c6f742e8c9f225191b441b0b5c4e8b3c1e87c29a2f2ec2fbbf6934\"), config)];\n                            case 1:\n                                _a.sent();\n                                return [2 /*return*/];\n                        }\n                    });\n                });",
                      "err": {},
                      "uuid": "24536f08-0c64-4f45-9980-78697b964a92",
                      "parentUUID": "6ecfc7be-5b02-4794-9c4d-e75e63caf085",
                      "isHook": false,
                      "skipped": false
                    },
                    {
                      "title": "get_block_hash",
                      "fullTitle": "Ckb Node Rpc check Tests public-MIRANA(0.201.0 (b7a95ac 2025-04-02)) Chain get_block_hash",
                      "timedOut": false,
                      "duration": 354,
                      "state": "passed",
                      "speed": "slow",
                      "pass": true,
                      "fail": false,
                      "pending": false,
                      "context": null,
                      "code": "return __awaiter(_this, void 0, void 0, function () {\n                    return __generator(this, function (_a) {\n                        switch (_a.label) {\n                            case 0: return [4 /*yield*/, ckbRequestTest(this.ctx, TestCkBkbClient.getBlockHash(\"0x400\"), config)];\n                            case 1:\n                                _a.sent();\n                                return [2 /*return*/];\n                        }\n                    });\n                });",
                      "err": {},
                      "uuid": "aa1dbc89-4a1c-4e4f-bf8f-96b402904503",
                      "parentUUID": "6ecfc7be-5b02-4794-9c4d-e75e63caf085",
                      "isHook": false,
                      "skipped": false
                    },
                    {
                      "title": "get_tip_header",
                      "fullTitle": "Ckb Node Rpc check Tests public-MIRANA(0.201.0 (b7a95ac 2025-04-02)) Chain get_tip_header",
                      "timedOut": false,
                      "duration": 361,
                      "state": "passed",
                      "speed": "slow",
                      "pass": true,
                      "fail": false,
                      "pending": false,
                      "context": null,
                      "code": "return __awaiter(_this, void 0, void 0, function () {\n                    return __generator(this, function (_a) {\n                        switch (_a.label) {\n                            case 0: return [4 /*yield*/, ckbRequestTest(this.ctx, TestCkBkbClient.getTipHeader(), config)];\n                            case 1:\n                                _a.sent();\n                                return [2 /*return*/];\n                        }\n                    });\n                });",
                      "err": {},
                      "uuid": "7a2b223b-d649-4ac2-b21a-8935e80509e9",
                      "parentUUID": "6ecfc7be-5b02-4794-9c4d-e75e63caf085",
                      "isHook": false,
                      "skipped": false
                    },
                    {
                      "title": "get_live_cell",
                      "fullTitle": "Ckb Node Rpc check Tests public-MIRANA(0.201.0 (b7a95ac 2025-04-02)) Chain get_live_cell",
                      "timedOut": false,
                      "duration": 416,
                      "state": "passed",
                      "speed": "slow",
                      "pass": true,
                      "fail": false,
                      "pending": false,
                      "context": null,
                      "code": "return __awaiter(_this, void 0, void 0, function () {\n                    return __generator(this, function (_a) {\n                        switch (_a.label) {\n                            case 0: return [4 /*yield*/, ckbRequestTest(this.ctx, TestCkBkbClient.getLiveCell({\n                                    \"index\": \"0x0\",\n                                    \"txHash\": \"0x037dafd7f9c6f742e8c9f225191b441b0b5c4e8b3c1e87c29a2f2ec2fbbf6934\"\n                                }, true), config)];\n                            case 1:\n                                _a.sent();\n                                return [2 /*return*/];\n                        }\n                    });\n                });",
                      "err": {},
                      "uuid": "17402ea7-5f49-47a6-8143-77f5f742c802",
                      "parentUUID": "6ecfc7be-5b02-4794-9c4d-e75e63caf085",
                      "isHook": false,
                      "skipped": false
                    },
                    {
                      "title": "get_tip_block_number",
                      "fullTitle": "Ckb Node Rpc check Tests public-MIRANA(0.201.0 (b7a95ac 2025-04-02)) Chain get_tip_block_number",
                      "timedOut": false,
                      "duration": 362,
                      "state": "passed",
                      "speed": "slow",
                      "pass": true,
                      "fail": false,
                      "pending": false,
                      "context": null,
                      "code": "return __awaiter(_this, void 0, void 0, function () {\n                    return __generator(this, function (_a) {\n                        switch (_a.label) {\n                            case 0: return [4 /*yield*/, ckbRequestTest(this.ctx, TestCkBkbClient.getTipBlockNumber(), config)];\n                            case 1:\n                                _a.sent();\n                                return [2 /*return*/];\n                        }\n                    });\n                });",
                      "err": {},
                      "uuid": "e307cea3-14c1-4934-b0ed-1b3466e7da0b",
                      "parentUUID": "6ecfc7be-5b02-4794-9c4d-e75e63caf085",
                      "isHook": false,
                      "skipped": false
                    },
                    {
                      "title": "get_current_epoch",
                      "fullTitle": "Ckb Node Rpc check Tests public-MIRANA(0.201.0 (b7a95ac 2025-04-02)) Chain get_current_epoch",
                      "timedOut": false,
                      "duration": 368,
                      "state": "passed",
                      "speed": "slow",
                      "pass": true,
                      "fail": false,
                      "pending": false,
                      "context": null,
                      "code": "return __awaiter(_this, void 0, void 0, function () {\n                    return __generator(this, function (_a) {\n                        switch (_a.label) {\n                            case 0: return [4 /*yield*/, ckbRequestTest(this.ctx, TestCkBkbClient.getCurrentEpoch(), config)];\n                            case 1:\n                                _a.sent();\n                                return [2 /*return*/];\n                        }\n                    });\n                });",
                      "err": {},
                      "uuid": "2e8b2568-48eb-4d59-87f5-81395047f2be",
                      "parentUUID": "6ecfc7be-5b02-4794-9c4d-e75e63caf085",
                      "isHook": false,
                      "skipped": false
                    },
                    {
                      "title": "get_epoch_by_number",
                      "fullTitle": "Ckb Node Rpc check Tests public-MIRANA(0.201.0 (b7a95ac 2025-04-02)) Chain get_epoch_by_number",
                      "timedOut": false,
                      "duration": 354,
                      "state": "passed",
                      "speed": "slow",
                      "pass": true,
                      "fail": false,
                      "pending": false,
                      "context": null,
                      "code": "return __awaiter(_this, void 0, void 0, function () {\n                    return __generator(this, function (_a) {\n                        switch (_a.label) {\n                            case 0: return [4 /*yield*/, ckbRequestTest(this.ctx, TestCkBkbClient.getEpochByNumber(\"0x0\"), config)];\n                            case 1:\n                                _a.sent();\n                                return [2 /*return*/];\n                        }\n                    });\n                });",
                      "err": {},
                      "uuid": "399408ec-3820-4ab3-a9cf-1fe39f1a8a26",
                      "parentUUID": "6ecfc7be-5b02-4794-9c4d-e75e63caf085",
                      "isHook": false,
                      "skipped": false
                    },
                    {
                      "title": "get_block_economic_state",
                      "fullTitle": "Ckb Node Rpc check Tests public-MIRANA(0.201.0 (b7a95ac 2025-04-02)) Chain get_block_economic_state",
                      "timedOut": false,
                      "duration": 470,
                      "state": "passed",
                      "speed": "slow",
                      "pass": true,
                      "fail": false,
                      "pending": false,
                      "context": null,
                      "code": "return __awaiter(_this, void 0, void 0, function () {\n                    return __generator(this, function (_a) {\n                        switch (_a.label) {\n                            case 0: return [4 /*yield*/, ckbRequestTest(this.ctx, TestCkBkbClient.getBlockEconomicState(\"0xb2671d3cc16b7738bbc8902ef11322bc2bfe7c54f5ce4a5cdfdf57b1a02fcb11\"), config)];\n                            case 1:\n                                _a.sent();\n                                return [2 /*return*/];\n                        }\n                    });\n                });",
                      "err": {},
                      "uuid": "d2a55024-7bb0-4fd9-807d-7f87c9553f37",
                      "parentUUID": "6ecfc7be-5b02-4794-9c4d-e75e63caf085",
                      "isHook": false,
                      "skipped": false
                    },
                    {
                      "title": "get_transaction_proof",
                      "fullTitle": "Ckb Node Rpc check Tests public-MIRANA(0.201.0 (b7a95ac 2025-04-02)) Chain get_transaction_proof",
                      "timedOut": false,
                      "duration": 2084,
                      "state": "passed",
                      "speed": "slow",
                      "pass": true,
                      "fail": false,
                      "pending": false,
                      "context": null,
                      "code": "return __awaiter(_this, void 0, void 0, function () {\n                    var block;\n                    return __generator(this, function (_a) {\n                        switch (_a.label) {\n                            case 0: return [4 /*yield*/, TestCkBkbClient.getBlockByNumber(\"0x0\")];\n                            case 1:\n                                block = _a.sent();\n                                return [4 /*yield*/, ckbRequestTest(this.ctx, TestCkBkbClient.getTransactionProof(block.transactions.map(function (tx) { return tx.hash; })), config)];\n                            case 2:\n                                _a.sent();\n                                return [2 /*return*/];\n                        }\n                    });\n                });",
                      "err": {},
                      "uuid": "8fd3ed82-c0ed-43f7-b824-46f69c77d85c",
                      "parentUUID": "6ecfc7be-5b02-4794-9c4d-e75e63caf085",
                      "isHook": false,
                      "skipped": false
                    },
                    {
                      "title": "verify_transaction_proof",
                      "fullTitle": "Ckb Node Rpc check Tests public-MIRANA(0.201.0 (b7a95ac 2025-04-02)) Chain verify_transaction_proof",
                      "timedOut": false,
                      "duration": 2183,
                      "state": "passed",
                      "speed": "slow",
                      "pass": true,
                      "fail": false,
                      "pending": false,
                      "context": null,
                      "code": "return __awaiter(_this, void 0, void 0, function () {\n                    var block, proof;\n                    return __generator(this, function (_a) {\n                        switch (_a.label) {\n                            case 0: return [4 /*yield*/, TestCkBkbClient.getBlockByNumber(\"0x0\")];\n                            case 1:\n                                block = _a.sent();\n                                return [4 /*yield*/, TestCkBkbClient.getTransactionProof(block.transactions.map(function (tx) { return tx.hash; }))];\n                            case 2:\n                                proof = _a.sent();\n                                return [4 /*yield*/, ckbRequestTest(this.ctx, TestCkBkbClient.verifyTransactionProof(proof), config)];\n                            case 3:\n                                _a.sent();\n                                return [2 /*return*/];\n                        }\n                    });\n                });",
                      "err": {},
                      "uuid": "9f8f60f7-ee58-42c8-ae12-2f8ab9c4ca91",
                      "parentUUID": "6ecfc7be-5b02-4794-9c4d-e75e63caf085",
                      "isHook": false,
                      "skipped": false
                    },
                    {
                      "title": "get_consensus",
                      "fullTitle": "Ckb Node Rpc check Tests public-MIRANA(0.201.0 (b7a95ac 2025-04-02)) Chain get_consensus",
                      "timedOut": false,
                      "duration": 371,
                      "state": "passed",
                      "speed": "slow",
                      "pass": true,
                      "fail": false,
                      "pending": false,
                      "context": null,
                      "code": "return __awaiter(_this, void 0, void 0, function () {\n                    return __generator(this, function (_a) {\n                        switch (_a.label) {\n                            case 0: return [4 /*yield*/, ckbRequestTest(this.ctx, request(1, config.rpc, \"get_consensus\", []), config)];\n                            case 1:\n                                _a.sent();\n                                return [2 /*return*/];\n                        }\n                    });\n                });",
                      "err": {},
                      "uuid": "9e54f985-751f-4073-af81-d373edca3d9b",
                      "parentUUID": "6ecfc7be-5b02-4794-9c4d-e75e63caf085",
                      "isHook": false,
                      "skipped": false
                    },
                    {
                      "title": "get_block_median_time",
                      "fullTitle": "Ckb Node Rpc check Tests public-MIRANA(0.201.0 (b7a95ac 2025-04-02)) Chain get_block_median_time",
                      "timedOut": false,
                      "duration": 412,
                      "state": "passed",
                      "speed": "slow",
                      "pass": true,
                      "fail": false,
                      "pending": false,
                      "context": null,
                      "code": "return __awaiter(_this, void 0, void 0, function () {\n                    return __generator(this, function (_a) {\n                        switch (_a.label) {\n                            case 0: return [4 /*yield*/, ckbRequestTest(this.ctx, request(1, config.rpc, \"get_block_median_time\", [\"0xb3c5b9789dff3821e298a62e6cc4060accb19ed2558f988a8826573252b9ae20\"]), config)];\n                            case 1:\n                                _a.sent();\n                                return [2 /*return*/];\n                        }\n                    });\n                });",
                      "err": {},
                      "uuid": "8f2a9d91-9271-4b64-896d-c0daefabca7d",
                      "parentUUID": "6ecfc7be-5b02-4794-9c4d-e75e63caf085",
                      "isHook": false,
                      "skipped": false
                    },
                    {
                      "title": "estimate_cycles",
                      "fullTitle": "Ckb Node Rpc check Tests public-MIRANA(0.201.0 (b7a95ac 2025-04-02)) Chain estimate_cycles",
                      "timedOut": false,
                      "duration": 577,
                      "state": "passed",
                      "speed": "slow",
                      "pass": true,
                      "fail": false,
                      "pending": false,
                      "context": null,
                      "code": "return __awaiter(_this, void 0, void 0, function () {\n                    function test() {\n                        return __awaiter(this, void 0, void 0, function () {\n                            var response, e_1;\n                            return __generator(this, function (_a) {\n                                switch (_a.label) {\n                                    case 0:\n                                        _a.trys.push([0, 2, , 3]);\n                                        return [4 /*yield*/, request(1, config.rpc, \"estimate_cycles\", [\n                                                {\n                                                    \"cell_deps\": [\n                                                        {\n                                                            \"dep_type\": \"code\",\n                                                            \"out_point\": {\n                                                                \"index\": \"0x0\",\n                                                                \"tx_hash\": \"0xa4037a893eb48e18ed4ef61034ce26eba9c585f15c9cee102ae58505565eccc3\"\n                                                            }\n                                                        }\n                                                    ],\n                                                    \"header_deps\": [\n                                                        \"0x7978ec7ce5b507cfb52e149e36b1a23f6062ed150503c85bbf825da3599095ed\"\n                                                    ],\n                                                    \"inputs\": [\n                                                        {\n                                                            \"previous_output\": {\n                                                                \"index\": \"0x0\",\n                                                                \"tx_hash\": \"0x365698b50ca0da75dca2c87f9e7b563811d3b5813736b8cc62cc3b106faceb17\"\n                                                            },\n                                                            \"since\": \"0x0\"\n                                                        }\n                                                    ],\n                                                    \"outputs\": [\n                                                        {\n                                                            \"capacity\": \"0x2540be400\",\n                                                            \"lock\": {\n                                                                \"code_hash\": \"0x28e83a1277d48add8e72fadaa9248559e1b632bab2bd60b27955ebc4c03800a5\",\n                                                                \"hash_type\": \"data\",\n                                                                \"args\": \"0x\"\n                                                            },\n                                                            \"type\": null\n                                                        }\n                                                    ],\n                                                    \"outputs_data\": [\n                                                        \"0x\"\n                                                    ],\n                                                    \"version\": \"0x0\",\n                                                    \"witnesses\": []\n                                                }\n                                            ])];\n                                    case 1:\n                                        response = _a.sent();\n                                        console.log(\"response1:\", response);\n                                        return [3 /*break*/, 3];\n                                    case 2:\n                                        e_1 = _a.sent();\n                                        chai_1.expect(e_1.toString()).to.be.include(\"TransactionFailedToResolve\");\n                                        return [2 /*return*/];\n                                    case 3:\n                                        chai_1.expect.fail(\"failed\");\n                                        return [2 /*return*/];\n                                }\n                            });\n                        });\n                    }\n                    return __generator(this, function (_a) {\n                        switch (_a.label) {\n                            case 0: return [4 /*yield*/, ckbRequestTest(this.ctx, test(), config)];\n                            case 1:\n                                _a.sent();\n                                return [2 /*return*/];\n                        }\n                    });\n                });",
                      "err": {},
                      "uuid": "addba351-f344-4a5f-9201-a655706c87b9",
                      "parentUUID": "6ecfc7be-5b02-4794-9c4d-e75e63caf085",
                      "isHook": false,
                      "skipped": false
                    },
                    {
                      "title": "get_fee_rate_statics",
                      "fullTitle": "Ckb Node Rpc check Tests public-MIRANA(0.201.0 (b7a95ac 2025-04-02)) Chain get_fee_rate_statics",
                      "timedOut": false,
                      "duration": 357,
                      "state": "passed",
                      "speed": "slow",
                      "pass": true,
                      "fail": false,
                      "pending": false,
                      "context": null,
                      "code": "return __awaiter(_this, void 0, void 0, function () {\n                    return __generator(this, function (_a) {\n                        switch (_a.label) {\n                            case 0: return [4 /*yield*/, ckbRequestTest(this.ctx, request(1, config.rpc, \"get_fee_rate_statics\", []), config)];\n                            case 1:\n                                _a.sent();\n                                return [2 /*return*/];\n                        }\n                    });\n                });",
                      "err": {},
                      "uuid": "1dcad1c4-29b1-4307-853b-79bbc45f2b53",
                      "parentUUID": "6ecfc7be-5b02-4794-9c4d-e75e63caf085",
                      "isHook": false,
                      "skipped": false
                    }
                  ],
                  "suites": [],
                  "passes": [
                    "f813e5b3-df39-4210-841c-d490f3fa4c2a",
                    "8bbebfba-d370-42db-a90a-302d48caaebf",
                    "2eca60b5-dc87-46cf-bb11-20dbb2732ab7",
                    "3e447ad9-67f9-4696-9598-0f9555c52e93",
                    "bbcd35e1-9ad3-462f-ae96-9f72c27d2e0b",
                    "24536f08-0c64-4f45-9980-78697b964a92",
                    "aa1dbc89-4a1c-4e4f-bf8f-96b402904503",
                    "7a2b223b-d649-4ac2-b21a-8935e80509e9",
                    "17402ea7-5f49-47a6-8143-77f5f742c802",
                    "e307cea3-14c1-4934-b0ed-1b3466e7da0b",
                    "2e8b2568-48eb-4d59-87f5-81395047f2be",
                    "399408ec-3820-4ab3-a9cf-1fe39f1a8a26",
                    "d2a55024-7bb0-4fd9-807d-7f87c9553f37",
                    "8fd3ed82-c0ed-43f7-b824-46f69c77d85c",
                    "9f8f60f7-ee58-42c8-ae12-2f8ab9c4ca91",
                    "9e54f985-751f-4073-af81-d373edca3d9b",
                    "8f2a9d91-9271-4b64-896d-c0daefabca7d",
                    "addba351-f344-4a5f-9201-a655706c87b9",
                    "1dcad1c4-29b1-4307-853b-79bbc45f2b53"
                  ],
                  "failures": [],
                  "pending": [],
                  "skipped": [],
                  "duration": 11014,
                  "root": false,
                  "rootEmpty": false,
                  "_timeout": 1000000
                },
                {
                  "uuid": "cb6b2de1-a8c8-4793-9429-40d7d43a64f8",
                  "title": "Experiment",
                  "fullFile": "/home/runner/work/CkbGuardian/CkbGuardian/ckb/test/ckb.spec.test.ts",
                  "file": "/test/ckb.spec.test.ts",
                  "beforeHooks": [],
                  "afterHooks": [],
                  "tests": [
                    {
                      "title": "calculate_dao_maximum_withdraw",
                      "fullTitle": "Ckb Node Rpc check Tests public-MIRANA(0.201.0 (b7a95ac 2025-04-02)) Experiment calculate_dao_maximum_withdraw",
                      "timedOut": false,
                      "duration": 848,
                      "state": "passed",
                      "speed": "slow",
                      "pass": true,
                      "fail": false,
                      "pending": false,
                      "context": null,
                      "code": "return __awaiter(_this, void 0, void 0, function () {\n                    function test() {\n                        return __awaiter(this, void 0, void 0, function () {\n                            var e_2;\n                            return __generator(this, function (_a) {\n                                switch (_a.label) {\n                                    case 0:\n                                        _a.trys.push([0, 2, , 3]);\n                                        return [4 /*yield*/, TestCkBkbClient.calculateDaoMaximumWithdraw({\n                                                index: \"0x1\",\n                                                txHash: \"0x12e82575740ec53e0b52ce8a36e212ad62beb58d1beac997996363e0bfe3d9e5\"\n                                            }, \"0xa5f5c85987a15de25661e5a214f2c1449cd803f071acc7999820f25246471f40\")];\n                                    case 1:\n                                        _a.sent();\n                                        return [3 /*break*/, 3];\n                                    case 2:\n                                        e_2 = _a.sent();\n                                        chai_1.expect(e_2.toString()).to.be.include(\"invalid out_point\");\n                                        return [2 /*return*/];\n                                    case 3:\n                                        chai_1.expect.fail(\"failed \");\n                                        return [2 /*return*/];\n                                }\n                            });\n                        });\n                    }\n                    return __generator(this, function (_a) {\n                        switch (_a.label) {\n                            case 0: return [4 /*yield*/, ckbRequestTest(this.ctx, test(), config)];\n                            case 1:\n                                _a.sent();\n                                return [2 /*return*/];\n                        }\n                    });\n                });",
                      "err": {},
                      "uuid": "4cba721d-fd5a-4b1a-9d90-ed3c0ef7c7e6",
                      "parentUUID": "cb6b2de1-a8c8-4793-9429-40d7d43a64f8",
                      "isHook": false,
                      "skipped": false
                    },
                    {
                      "title": "dry_run_transaction",
                      "fullTitle": "Ckb Node Rpc check Tests public-MIRANA(0.201.0 (b7a95ac 2025-04-02)) Experiment dry_run_transaction",
                      "timedOut": false,
                      "duration": 364,
                      "state": "passed",
                      "speed": "slow",
                      "pass": true,
                      "fail": false,
                      "pending": false,
                      "context": null,
                      "code": "return __awaiter(_this, void 0, void 0, function () {\n                    function test() {\n                        return __awaiter(this, void 0, void 0, function () {\n                            var e_3;\n                            return __generator(this, function (_a) {\n                                switch (_a.label) {\n                                    case 0:\n                                        _a.trys.push([0, 2, , 3]);\n                                        return [4 /*yield*/, TestCkBkbClient.dryRunTransaction({\n                                                cellDeps: [\n                                                    {\n                                                        depType: \"code\",\n                                                        outPoint: {\n                                                            index: \"0x0\",\n                                                            txHash: \"0xa4037a893eb48e18ed4ef61034ce26eba9c585f15c9cee102ae58505565eccc3\"\n                                                        }\n                                                    }\n                                                ],\n                                                headerDeps: [\n                                                    \"0x7978ec7ce5b507cfb52e149e36b1a23f6062ed150503c85bbf825da3599095ed\"\n                                                ],\n                                                inputs: [\n                                                    {\n                                                        previousOutput: {\n                                                            index: \"0x0\",\n                                                            txHash: \"0x365698b50ca0da75dca2c87f9e7b563811d3b5813736b8cc62cc3b106faceb17\"\n                                                        },\n                                                        since: \"0x0\"\n                                                    }\n                                                ],\n                                                outputs: [\n                                                    {\n                                                        capacity: \"0x2540be400\",\n                                                        lock: {\n                                                            codeHash: \"0x28e83a1277d48add8e72fadaa9248559e1b632bab2bd60b27955ebc4c03800a5\",\n                                                            hashType: \"data\",\n                                                            args: \"0x\"\n                                                        },\n                                                        type: null\n                                                    }\n                                                ],\n                                                outputsData: [\n                                                    \"0x\"\n                                                ],\n                                                version: \"0x0\",\n                                                witnesses: []\n                                            })];\n                                    case 1:\n                                        _a.sent();\n                                        return [3 /*break*/, 3];\n                                    case 2:\n                                        e_3 = _a.sent();\n                                        chai_1.expect(e_3.toString()).to.be.include(\"TransactionFailedToResolve\");\n                                        return [2 /*return*/];\n                                    case 3:\n                                        chai_1.expect.fail(\"failed\");\n                                        return [2 /*return*/];\n                                }\n                            });\n                        });\n                    }\n                    return __generator(this, function (_a) {\n                        switch (_a.label) {\n                            case 0: return [4 /*yield*/, ckbRequestTest(this.ctx, test(), config)];\n                            case 1:\n                                _a.sent();\n                                return [2 /*return*/];\n                        }\n                    });\n                });",
                      "err": {},
                      "uuid": "97aa9243-8983-4803-889b-09cebe592e98",
                      "parentUUID": "cb6b2de1-a8c8-4793-9429-40d7d43a64f8",
                      "isHook": false,
                      "skipped": false
                    }
                  ],
                  "suites": [],
                  "passes": [
                    "4cba721d-fd5a-4b1a-9d90-ed3c0ef7c7e6",
                    "97aa9243-8983-4803-889b-09cebe592e98"
                  ],
                  "failures": [],
                  "pending": [],
                  "skipped": [],
                  "duration": 1212,
                  "root": false,
                  "rootEmpty": false,
                  "_timeout": 100000000
                },
                {
                  "uuid": "1ad5c63b-a58d-4b9c-8064-1e4df6e5b14d",
                  "title": "Alert",
                  "fullFile": "/home/runner/work/CkbGuardian/CkbGuardian/ckb/test/ckb.spec.test.ts",
                  "file": "/test/ckb.spec.test.ts",
                  "beforeHooks": [],
                  "afterHooks": [],
                  "tests": [
                    {
                      "title": "send_alert,should failed",
                      "fullTitle": "Ckb Node Rpc check Tests public-MIRANA(0.201.0 (b7a95ac 2025-04-02)) Alert send_alert,should failed",
                      "timedOut": false,
                      "duration": 383,
                      "state": "passed",
                      "speed": "slow",
                      "pass": true,
                      "fail": false,
                      "pending": false,
                      "context": null,
                      "code": "return __awaiter(_this, void 0, void 0, function () {\n                    return __generator(this, function (_a) {\n                        switch (_a.label) {\n                            case 0: return [4 /*yield*/, ckbRequestTest(this.ctx, request(1, config.rpc, \"send_alert\", [\n                                    {\n                                        \"id\": \"0x1\",\n                                        \"cancel\": \"0x0\",\n                                        \"priority\": \"0x1\",\n                                        \"message\": \"An example alert message!\",\n                                        \"notice_until\": \"0x24bcca57c00\",\n                                        \"signatures\": [\n                                            \"0xbd07059aa9a3d057da294c2c4d96fa1e67eeb089837c87b523f124239e18e9fc7d11bb95b720478f7f937d073517d0e4eb9a91d12da5c88a05f750362f4c214dd0\",\n                                            \"0x0242ef40bb64fe3189284de91f981b17f4d740c5e24a3fc9b70059db6aa1d198a2e76da4f84ab37549880d116860976e0cf81cd039563c452412076ebffa2e4453\"\n                                        ]\n                                    }\n                                ]), config)];\n                            case 1:\n                                _a.sent();\n                                return [2 /*return*/];\n                        }\n                    });\n                });",
                      "err": {},
                      "uuid": "5871d5fd-1c1d-4a4d-9645-290a8ff2d46a",
                      "parentUUID": "1ad5c63b-a58d-4b9c-8064-1e4df6e5b14d",
                      "isHook": false,
                      "skipped": false
                    }
                  ],
                  "suites": [],
                  "passes": [
                    "5871d5fd-1c1d-4a4d-9645-290a8ff2d46a"
                  ],
                  "failures": [],
                  "pending": [],
                  "skipped": [],
                  "duration": 383,
                  "root": false,
                  "rootEmpty": false,
                  "_timeout": 100000000
                },
                {
                  "uuid": "9f9415ed-abb8-49bd-a879-2d8662c52e73",
                  "title": "Indexer",
                  "fullFile": "/home/runner/work/CkbGuardian/CkbGuardian/ckb/test/ckb.spec.test.ts",
                  "file": "/test/ckb.spec.test.ts",
                  "beforeHooks": [],
                  "afterHooks": [],
                  "tests": [
                    {
                      "title": "get_indexer_tip",
                      "fullTitle": "Ckb Node Rpc check Tests public-MIRANA(0.201.0 (b7a95ac 2025-04-02)) Indexer get_indexer_tip",
                      "timedOut": false,
                      "duration": 200,
                      "state": "passed",
                      "speed": "slow",
                      "pass": true,
                      "fail": false,
                      "pending": false,
                      "context": null,
                      "code": "return __awaiter(_this, void 0, void 0, function () {\n                    return __generator(this, function (_a) {\n                        switch (_a.label) {\n                            case 0: \n                            // await request(1,)\n                            return [4 /*yield*/, ckbRequestTest(this.ctx, TestCkBkbClient.getIndexerTip(), config)];\n                            case 1:\n                                // await request(1,)\n                                _a.sent();\n                                return [2 /*return*/];\n                        }\n                    });\n                });",
                      "err": {},
                      "uuid": "253a2a0d-d547-46b9-a47c-319d83f8f8c8",
                      "parentUUID": "9f9415ed-abb8-49bd-a879-2d8662c52e73",
                      "isHook": false,
                      "skipped": false
                    },
                    {
                      "title": "get_cells",
                      "fullTitle": "Ckb Node Rpc check Tests public-MIRANA(0.201.0 (b7a95ac 2025-04-02)) Indexer get_cells",
                      "timedOut": false,
                      "duration": 354,
                      "state": "passed",
                      "speed": "slow",
                      "pass": true,
                      "fail": false,
                      "pending": false,
                      "context": null,
                      "code": "return __awaiter(_this, void 0, void 0, function () {\n                    return __generator(this, function (_a) {\n                        switch (_a.label) {\n                            case 0: return [4 /*yield*/, ckbRequestTest(this.ctx, TestCkBkbClient.getCells({\n                                    \"script\": {\n                                        \"codeHash\": \"0x9bd7e06f3ecf4be0f2fcd2188b23f1b9fcc88e5d4b65a8637b17723bbda3cce8\",\n                                        \"hashType\": \"type\",\n                                        \"args\": \"0x5989ae415bb667931a99896e5fbbfad9ba53a223\"\n                                    },\n                                    \"scriptType\": \"lock\"\n                                }, \"asc\", \"0x64\"), config)];\n                            case 1:\n                                _a.sent();\n                                return [2 /*return*/];\n                        }\n                    });\n                });",
                      "err": {},
                      "uuid": "4c57dda1-2fa8-411a-a382-f472dddf7e21",
                      "parentUUID": "9f9415ed-abb8-49bd-a879-2d8662c52e73",
                      "isHook": false,
                      "skipped": false
                    },
                    {
                      "title": "get_transactions",
                      "fullTitle": "Ckb Node Rpc check Tests public-MIRANA(0.201.0 (b7a95ac 2025-04-02)) Indexer get_transactions",
                      "timedOut": false,
                      "duration": 350,
                      "state": "passed",
                      "speed": "slow",
                      "pass": true,
                      "fail": false,
                      "pending": false,
                      "context": null,
                      "code": "return __awaiter(_this, void 0, void 0, function () {\n                    return __generator(this, function (_a) {\n                        switch (_a.label) {\n                            case 0: return [4 /*yield*/, ckbRequestTest(this.ctx, TestCkBkbClient.getTransactions({\n                                    \"script\": {\n                                        \"codeHash\": \"0x9bd7e06f3ecf4be0f2fcd2188b23f1b9fcc88e5d4b65a8637b17723bbda3cce8\",\n                                        \"hashType\": \"type\",\n                                        \"args\": \"0x5989ae415bb667931a99896e5fbbfad9ba53a223\"\n                                    },\n                                    \"scriptType\": \"lock\"\n                                }, \"asc\", \"0x64\"), config)];\n                            case 1:\n                                _a.sent();\n                                return [2 /*return*/];\n                        }\n                    });\n                });",
                      "err": {},
                      "uuid": "f5ed3ce0-040a-4ac7-a966-23ce726a52fa",
                      "parentUUID": "9f9415ed-abb8-49bd-a879-2d8662c52e73",
                      "isHook": false,
                      "skipped": false
                    },
                    {
                      "title": "get_cells_capacity",
                      "fullTitle": "Ckb Node Rpc check Tests public-MIRANA(0.201.0 (b7a95ac 2025-04-02)) Indexer get_cells_capacity",
                      "timedOut": false,
                      "duration": 380,
                      "state": "passed",
                      "speed": "slow",
                      "pass": true,
                      "fail": false,
                      "pending": false,
                      "context": null,
                      "code": "return __awaiter(_this, void 0, void 0, function () {\n                    return __generator(this, function (_a) {\n                        switch (_a.label) {\n                            case 0: return [4 /*yield*/, ckbRequestTest(this.ctx, TestCkBkbClient.getCellsCapacity({\n                                    \"script\": {\n                                        \"codeHash\": \"0x9bd7e06f3ecf4be0f2fcd2188b23f1b9fcc88e5d4b65a8637b17723bbda3cce8\",\n                                        \"hashType\": \"type\",\n                                        \"args\": \"0x5989ae415bb667931a99896e5fbbfad9ba53a223\"\n                                    },\n                                    \"scriptType\": \"lock\"\n                                }), config)];\n                            case 1:\n                                _a.sent();\n                                return [2 /*return*/];\n                        }\n                    });\n                });",
                      "err": {},
                      "uuid": "aba73462-8268-45d6-ba9b-74240ad7df1e",
                      "parentUUID": "9f9415ed-abb8-49bd-a879-2d8662c52e73",
                      "isHook": false,
                      "skipped": false
                    }
                  ],
                  "suites": [],
                  "passes": [
                    "253a2a0d-d547-46b9-a47c-319d83f8f8c8",
                    "4c57dda1-2fa8-411a-a382-f472dddf7e21",
                    "f5ed3ce0-040a-4ac7-a966-23ce726a52fa",
                    "aba73462-8268-45d6-ba9b-74240ad7df1e"
                  ],
                  "failures": [],
                  "pending": [],
                  "skipped": [],
                  "duration": 1284,
                  "root": false,
                  "rootEmpty": false,
                  "_timeout": 100000000
                },
                {
                  "uuid": "9ef6e640-ad70-4e22-b2a7-6a14732377ae",
                  "title": "IntegrationTest",
                  "fullFile": "/home/runner/work/CkbGuardian/CkbGuardian/ckb/test/ckb.spec.test.ts",
                  "file": "/test/ckb.spec.test.ts",
                  "beforeHooks": [],
                  "afterHooks": [],
                  "tests": [
                    {
                      "title": "process_block_without_verify",
                      "fullTitle": "Ckb Node Rpc check Tests public-MIRANA(0.201.0 (b7a95ac 2025-04-02)) IntegrationTest process_block_without_verify",
                      "timedOut": false,
                      "duration": 0,
                      "state": "pending",
                      "speed": null,
                      "pass": false,
                      "fail": false,
                      "pending": true,
                      "context": null,
                      "code": "",
                      "err": {},
                      "uuid": "51aab1fc-8a83-40ce-9656-87ece91f7671",
                      "parentUUID": "9ef6e640-ad70-4e22-b2a7-6a14732377ae",
                      "isHook": false,
                      "skipped": false
                    },
                    {
                      "title": "truncate",
                      "fullTitle": "Ckb Node Rpc check Tests public-MIRANA(0.201.0 (b7a95ac 2025-04-02)) IntegrationTest truncate",
                      "timedOut": false,
                      "duration": 0,
                      "state": "pending",
                      "speed": null,
                      "pass": false,
                      "fail": false,
                      "pending": true,
                      "context": null,
                      "code": "",
                      "err": {},
                      "uuid": "0b7fd614-198b-49aa-a905-c19cf9f62644",
                      "parentUUID": "9ef6e640-ad70-4e22-b2a7-6a14732377ae",
                      "isHook": false,
                      "skipped": false
                    },
                    {
                      "title": "notify_transaction",
                      "fullTitle": "Ckb Node Rpc check Tests public-MIRANA(0.201.0 (b7a95ac 2025-04-02)) IntegrationTest notify_transaction",
                      "timedOut": false,
                      "duration": 0,
                      "state": "pending",
                      "speed": null,
                      "pass": false,
                      "fail": false,
                      "pending": true,
                      "context": null,
                      "code": "",
                      "err": {},
                      "uuid": "cefc76da-7c7f-4f4c-afe6-7f68979eed8e",
                      "parentUUID": "9ef6e640-ad70-4e22-b2a7-6a14732377ae",
                      "isHook": false,
                      "skipped": false
                    }
                  ],
                  "suites": [],
                  "passes": [],
                  "failures": [],
                  "pending": [
                    "51aab1fc-8a83-40ce-9656-87ece91f7671",
                    "0b7fd614-198b-49aa-a905-c19cf9f62644",
                    "cefc76da-7c7f-4f4c-afe6-7f68979eed8e"
                  ],
                  "skipped": [],
                  "duration": 0,
                  "root": false,
                  "rootEmpty": false,
                  "_timeout": 100000000
                },
                {
                  "uuid": "3efe7658-a540-4a60-b077-34ca4e2a2f7e",
                  "title": "Net",
                  "fullFile": "/home/runner/work/CkbGuardian/CkbGuardian/ckb/test/ckb.spec.test.ts",
                  "file": "/test/ckb.spec.test.ts",
                  "beforeHooks": [],
                  "afterHooks": [],
                  "tests": [
                    {
                      "title": "local_node_info",
                      "fullTitle": "Ckb Node Rpc check Tests public-MIRANA(0.201.0 (b7a95ac 2025-04-02)) Net local_node_info",
                      "timedOut": false,
                      "duration": 191,
                      "state": "passed",
                      "speed": "slow",
                      "pass": true,
                      "fail": false,
                      "pending": false,
                      "context": null,
                      "code": "return __awaiter(_this, void 0, void 0, function () {\n                    return __generator(this, function (_a) {\n                        switch (_a.label) {\n                            case 0: return [4 /*yield*/, ckbRequestTest(this.ctx, TestCkBkbClient.localNodeInfo(), config)];\n                            case 1:\n                                _a.sent();\n                                return [2 /*return*/];\n                        }\n                    });\n                });",
                      "err": {},
                      "uuid": "4638dc33-cae9-47a6-9625-cc2aaf164935",
                      "parentUUID": "3efe7658-a540-4a60-b077-34ca4e2a2f7e",
                      "isHook": false,
                      "skipped": false
                    },
                    {
                      "title": "get_peers",
                      "fullTitle": "Ckb Node Rpc check Tests public-MIRANA(0.201.0 (b7a95ac 2025-04-02)) Net get_peers",
                      "timedOut": false,
                      "duration": 346,
                      "state": "passed",
                      "speed": "slow",
                      "pass": true,
                      "fail": false,
                      "pending": false,
                      "context": null,
                      "code": "return __awaiter(_this, void 0, void 0, function () {\n                    return __generator(this, function (_a) {\n                        switch (_a.label) {\n                            case 0: return [4 /*yield*/, ckbRequestTest(this.ctx, TestCkBkbClient.getPeers(), config)];\n                            case 1:\n                                _a.sent();\n                                return [2 /*return*/];\n                        }\n                    });\n                });",
                      "err": {},
                      "uuid": "29349e14-162a-482a-872f-8fb48d5c87ef",
                      "parentUUID": "3efe7658-a540-4a60-b077-34ca4e2a2f7e",
                      "isHook": false,
                      "skipped": false
                    },
                    {
                      "title": "get_banned_addresses",
                      "fullTitle": "Ckb Node Rpc check Tests public-MIRANA(0.201.0 (b7a95ac 2025-04-02)) Net get_banned_addresses",
                      "timedOut": false,
                      "duration": 356,
                      "state": "passed",
                      "speed": "slow",
                      "pass": true,
                      "fail": false,
                      "pending": false,
                      "context": null,
                      "code": "return __awaiter(_this, void 0, void 0, function () {\n                    return __generator(this, function (_a) {\n                        switch (_a.label) {\n                            case 0: return [4 /*yield*/, ckbRequestTest(this.ctx, TestCkBkbClient.getBannedAddresses(), config)];\n                            case 1:\n                                _a.sent();\n                                return [2 /*return*/];\n                        }\n                    });\n                });",
                      "err": {},
                      "uuid": "ee678810-aaa2-42ec-92d2-c902d27db047",
                      "parentUUID": "3efe7658-a540-4a60-b077-34ca4e2a2f7e",
                      "isHook": false,
                      "skipped": false
                    },
                    {
                      "title": "clear_banned_addresses,should failed",
                      "fullTitle": "Ckb Node Rpc check Tests public-MIRANA(0.201.0 (b7a95ac 2025-04-02)) Net clear_banned_addresses,should failed",
                      "timedOut": false,
                      "duration": 359,
                      "state": "passed",
                      "speed": "slow",
                      "pass": true,
                      "fail": false,
                      "pending": false,
                      "context": null,
                      "code": "return __awaiter(_this, void 0, void 0, function () {\n                    return __generator(this, function (_a) {\n                        switch (_a.label) {\n                            case 0: return [4 /*yield*/, ckbRequestTest(this.ctx, TestCkBkbClient.clearBannedAddresses(), config)];\n                            case 1:\n                                _a.sent();\n                                return [2 /*return*/];\n                        }\n                    });\n                });",
                      "err": {},
                      "uuid": "10d12f92-1a20-4b46-bd10-b42c94f776c8",
                      "parentUUID": "3efe7658-a540-4a60-b077-34ca4e2a2f7e",
                      "isHook": false,
                      "skipped": false
                    },
                    {
                      "title": "set_ban,should failed",
                      "fullTitle": "Ckb Node Rpc check Tests public-MIRANA(0.201.0 (b7a95ac 2025-04-02)) Net set_ban,should failed",
                      "timedOut": false,
                      "duration": 358,
                      "state": "passed",
                      "speed": "slow",
                      "pass": true,
                      "fail": false,
                      "pending": false,
                      "context": null,
                      "code": "return __awaiter(_this, void 0, void 0, function () {\n                    return __generator(this, function (_a) {\n                        switch (_a.label) {\n                            case 0: return [4 /*yield*/, ckbRequestTest(this.ctx, TestCkBkbClient.setBan(\"192.168.0.2\", \"delete\", \"0x1ac89236180\", true, \"set_ban example\"), config)];\n                            case 1:\n                                _a.sent();\n                                return [2 /*return*/];\n                        }\n                    });\n                });",
                      "err": {},
                      "uuid": "e4ad4fd9-4347-4e9c-8b33-b4efd9af802e",
                      "parentUUID": "3efe7658-a540-4a60-b077-34ca4e2a2f7e",
                      "isHook": false,
                      "skipped": false
                    },
                    {
                      "title": "sync_state",
                      "fullTitle": "Ckb Node Rpc check Tests public-MIRANA(0.201.0 (b7a95ac 2025-04-02)) Net sync_state",
                      "timedOut": false,
                      "duration": 189,
                      "state": "passed",
                      "speed": "slow",
                      "pass": true,
                      "fail": false,
                      "pending": false,
                      "context": null,
                      "code": "return __awaiter(_this, void 0, void 0, function () {\n                    return __generator(this, function (_a) {\n                        switch (_a.label) {\n                            case 0: return [4 /*yield*/, ckbRequestTest(this.ctx, TestCkBkbClient.syncState(), config)];\n                            case 1:\n                                _a.sent();\n                                return [2 /*return*/];\n                        }\n                    });\n                });",
                      "err": {},
                      "uuid": "52781824-2931-4116-a95b-c62d23f342ae",
                      "parentUUID": "3efe7658-a540-4a60-b077-34ca4e2a2f7e",
                      "isHook": false,
                      "skipped": false
                    },
                    {
                      "title": "set_network_active,should failed",
                      "fullTitle": "Ckb Node Rpc check Tests public-MIRANA(0.201.0 (b7a95ac 2025-04-02)) Net set_network_active,should failed",
                      "timedOut": false,
                      "duration": 357,
                      "state": "passed",
                      "speed": "slow",
                      "pass": true,
                      "fail": false,
                      "pending": false,
                      "context": null,
                      "code": "return __awaiter(_this, void 0, void 0, function () {\n                    return __generator(this, function (_a) {\n                        switch (_a.label) {\n                            case 0: return [4 /*yield*/, ckbRequestTest(this.ctx, TestCkBkbClient.setNetworkActive(true), config)];\n                            case 1:\n                                _a.sent();\n                                return [2 /*return*/];\n                        }\n                    });\n                });",
                      "err": {},
                      "uuid": "da85628a-d8b2-4691-aabb-d62d038e0e2e",
                      "parentUUID": "3efe7658-a540-4a60-b077-34ca4e2a2f7e",
                      "isHook": false,
                      "skipped": false
                    },
                    {
                      "title": "add_node,should failed",
                      "fullTitle": "Ckb Node Rpc check Tests public-MIRANA(0.201.0 (b7a95ac 2025-04-02)) Net add_node,should failed",
                      "timedOut": false,
                      "duration": 205,
                      "state": "passed",
                      "speed": "slow",
                      "pass": true,
                      "fail": false,
                      "pending": false,
                      "context": null,
                      "code": "return __awaiter(_this, void 0, void 0, function () {\n                    return __generator(this, function (_a) {\n                        switch (_a.label) {\n                            case 0: return [4 /*yield*/, ckbRequestTest(this.ctx, TestCkBkbClient.addNode(\"id1\", \"/ip4/192.168.2.100/tcp/8114/QmUsZHPbjjzU627UZFt4k8j6ycEcNvXRnVGxCPKqwbAfQS\"), config)];\n                            case 1:\n                                _a.sent();\n                                return [2 /*return*/];\n                        }\n                    });\n                });",
                      "err": {},
                      "uuid": "ab2e78e7-750d-40df-8f3a-0bb0350c05fe",
                      "parentUUID": "3efe7658-a540-4a60-b077-34ca4e2a2f7e",
                      "isHook": false,
                      "skipped": false
                    },
                    {
                      "title": "remove_node,should failed",
                      "fullTitle": "Ckb Node Rpc check Tests public-MIRANA(0.201.0 (b7a95ac 2025-04-02)) Net remove_node,should failed",
                      "timedOut": false,
                      "duration": 362,
                      "state": "passed",
                      "speed": "slow",
                      "pass": true,
                      "fail": false,
                      "pending": false,
                      "context": null,
                      "code": "return __awaiter(_this, void 0, void 0, function () {\n                    return __generator(this, function (_a) {\n                        switch (_a.label) {\n                            case 0: return [4 /*yield*/, ckbRequestTest(this.ctx, TestCkBkbClient.removeNode(\"1234\"), config)];\n                            case 1:\n                                _a.sent();\n                                return [2 /*return*/];\n                        }\n                    });\n                });",
                      "err": {},
                      "uuid": "615a39b2-5e43-4662-9742-1cf033613fa0",
                      "parentUUID": "3efe7658-a540-4a60-b077-34ca4e2a2f7e",
                      "isHook": false,
                      "skipped": false
                    },
                    {
                      "title": "ping_peers",
                      "fullTitle": "Ckb Node Rpc check Tests public-MIRANA(0.201.0 (b7a95ac 2025-04-02)) Net ping_peers",
                      "timedOut": false,
                      "duration": 391,
                      "state": "passed",
                      "speed": "slow",
                      "pass": true,
                      "fail": false,
                      "pending": false,
                      "context": null,
                      "code": "return __awaiter(_this, void 0, void 0, function () {\n                    return __generator(this, function (_a) {\n                        switch (_a.label) {\n                            case 0: return [4 /*yield*/, ckbRequestTest(this.ctx, TestCkBkbClient.pingPeers(), config)];\n                            case 1:\n                                _a.sent();\n                                return [2 /*return*/];\n                        }\n                    });\n                });",
                      "err": {},
                      "uuid": "be33274d-73af-4a08-8dd1-66fe8bfcb891",
                      "parentUUID": "3efe7658-a540-4a60-b077-34ca4e2a2f7e",
                      "isHook": false,
                      "skipped": false
                    }
                  ],
                  "suites": [],
                  "passes": [
                    "4638dc33-cae9-47a6-9625-cc2aaf164935",
                    "29349e14-162a-482a-872f-8fb48d5c87ef",
                    "ee678810-aaa2-42ec-92d2-c902d27db047",
                    "10d12f92-1a20-4b46-bd10-b42c94f776c8",
                    "e4ad4fd9-4347-4e9c-8b33-b4efd9af802e",
                    "52781824-2931-4116-a95b-c62d23f342ae",
                    "da85628a-d8b2-4691-aabb-d62d038e0e2e",
                    "ab2e78e7-750d-40df-8f3a-0bb0350c05fe",
                    "615a39b2-5e43-4662-9742-1cf033613fa0",
                    "be33274d-73af-4a08-8dd1-66fe8bfcb891"
                  ],
                  "failures": [],
                  "pending": [],
                  "skipped": [],
                  "duration": 3114,
                  "root": false,
                  "rootEmpty": false,
                  "_timeout": 100000000
                },
                {
                  "uuid": "60e7d1d9-955d-41aa-af34-18ca5dff0768",
                  "title": "Pool",
                  "fullFile": "/home/runner/work/CkbGuardian/CkbGuardian/ckb/test/ckb.spec.test.ts",
                  "file": "/test/ckb.spec.test.ts",
                  "beforeHooks": [],
                  "afterHooks": [],
                  "tests": [
                    {
                      "title": "send_transaction",
                      "fullTitle": "Ckb Node Rpc check Tests public-MIRANA(0.201.0 (b7a95ac 2025-04-02)) Pool send_transaction",
                      "timedOut": false,
                      "duration": 0,
                      "state": "passed",
                      "speed": "fast",
                      "pass": true,
                      "fail": false,
                      "pending": false,
                      "context": null,
[...]
                      "duration": 14,
                      "state": "passed",
                      "speed": "fast",
                      "pass": true,
                      "fail": false,
                      "pending": false,
                      "context": null,
                      "code": "return __awaiter(_this, void 0, void 0, function () {\n                    return __generator(this, function (_a) {\n                        switch (_a.label) {\n                            case 0: return [4 /*yield*/, ckbRequestTest(this.ctx, TestCkBkbClient.removeNode(\"1234\"), config)];\n                            case 1:\n                                _a.sent();\n                                return [2 /*return*/];\n                        }\n                    });\n                });",
                      "err": {},
                      "uuid": "5b7ca44e-f4b3-44b4-a220-73be2745dd79",
                      "parentUUID": "dfb552d6-04e0-4254-8f4d-d3969bf2fab3",
                      "isHook": false,
                      "skipped": false
                    },
                    {
                      "title": "ping_peers",
                      "fullTitle": "Ckb Node Rpc check Tests ankr-MIRANA(0.200.0 (52c2be1 2025-03-05)) Net ping_peers",
                      "timedOut": false,
                      "duration": 149,
                      "state": "passed",
                      "speed": "slow",
                      "pass": true,
                      "fail": false,
                      "pending": false,
                      "context": null,
                      "code": "return __awaiter(_this, void 0, void 0, function () {\n                    return __generator(this, function (_a) {\n                        switch (_a.label) {\n                            case 0: return [4 /*yield*/, ckbRequestTest(this.ctx, TestCkBkbClient.pingPeers(), config)];\n                            case 1:\n                                _a.sent();\n                                return [2 /*return*/];\n                        }\n                    });\n                });",
                      "err": {},
                      "uuid": "c6681439-dfb5-480c-9cc1-6fb636b661fd",
                      "parentUUID": "dfb552d6-04e0-4254-8f4d-d3969bf2fab3",
                      "isHook": false,
                      "skipped": false
                    }
                  ],
                  "suites": [],
                  "passes": [
                    "ce6f6877-5075-445c-8602-b8fba43dbba4",
                    "93a644dc-05a4-486c-8cda-ff296b7e252e",
                    "a7ad4cc5-dd47-4d0f-9e1d-f0e88c5fa075",
                    "6ecf271c-4ff2-4cc4-bd4a-8fd23727d8a5",
                    "f403afb8-8570-4349-b235-41def21b2922",
                    "1d43d264-f7aa-4853-87be-de145b79f756",
                    "1f63d5d7-a05c-4c5a-833a-5d1f6cda1f75",
                    "364a1bcd-2933-4ee5-9a16-68e1e64f4cf9",
                    "5b7ca44e-f4b3-44b4-a220-73be2745dd79",
                    "c6681439-dfb5-480c-9cc1-6fb636b661fd"
                  ],
                  "failures": [],
                  "pending": [],
                  "skipped": [],
                  "duration": 266,
                  "root": false,
                  "rootEmpty": false,
                  "_timeout": 100000000
                },
                {
                  "uuid": "74554e10-c691-43bc-86da-9137087fb26f",
                  "title": "Pool",
                  "fullFile": "/home/runner/work/CkbGuardian/CkbGuardian/ckb/test/ckb.spec.test.ts",
                  "file": "/test/ckb.spec.test.ts",
                  "beforeHooks": [],
                  "afterHooks": [],
                  "tests": [
                    {
                      "title": "send_transaction",
                      "fullTitle": "Ckb Node Rpc check Tests ankr-MIRANA(0.200.0 (52c2be1 2025-03-05)) Pool send_transaction",
                      "timedOut": false,
                      "duration": 0,
                      "state": "passed",
                      "speed": "fast",
                      "pass": true,
                      "fail": false,
                      "pending": false,
                      "context": null,
                      "code": "return __awaiter(_this, void 0, void 0, function () {\n                    return __generator(this, function (_a) {\n                        return [2 /*return*/];\n                    });\n                });",
                      "err": {},
                      "uuid": "b8f6f4f4-c41e-4f0c-a7f5-d8f64ab74616",
                      "parentUUID": "74554e10-c691-43bc-86da-9137087fb26f",
                      "isHook": false,
                      "skipped": false
                    },
                    {
                      "title": "remove_transaction,should failed",
                      "fullTitle": "Ckb Node Rpc check Tests ankr-MIRANA(0.200.0 (52c2be1 2025-03-05)) Pool remove_transaction,should failed",
                      "timedOut": false,
                      "duration": 11,
                      "state": "passed",
                      "speed": "fast",
                      "pass": true,
                      "fail": false,
                      "pending": false,
                      "context": null,
                      "code": "return __awaiter(_this, void 0, void 0, function () {\n                    return __generator(this, function (_a) {\n                        switch (_a.label) {\n                            case 0: return [4 /*yield*/, ckbRequestTest(this.ctx, request(1, config.rpc, \"remove_transaction\", [\"0xa0ef4eb5f4ceeb08a4c8524d84c5da95dce2f608e0ca2ec8091191b0f330c6e3\"]), config)];\n                            case 1:\n                                _a.sent();\n                                return [2 /*return*/];\n                        }\n                    });\n                });",
                      "err": {},
                      "uuid": "893cb024-8462-4b4e-bf7f-712b104c0379",
                      "parentUUID": "74554e10-c691-43bc-86da-9137087fb26f",
                      "isHook": false,
                      "skipped": false
                    },
                    {
                      "title": "tx_pool_info",
                      "fullTitle": "Ckb Node Rpc check Tests ankr-MIRANA(0.200.0 (52c2be1 2025-03-05)) Pool tx_pool_info",
                      "timedOut": false,
                      "duration": 18,
                      "state": "passed",
                      "speed": "fast",
                      "pass": true,
                      "fail": false,
                      "pending": false,
                      "context": null,
                      "code": "return __awaiter(_this, void 0, void 0, function () {\n                    return __generator(this, function (_a) {\n                        switch (_a.label) {\n                            case 0: return [4 /*yield*/, ckbRequestTest(this.ctx, TestCkBkbClient.txPoolInfo(), config)];\n                            case 1:\n                                _a.sent();\n                                return [2 /*return*/];\n                        }\n                    });\n                });",
                      "err": {},
                      "uuid": "ff7b725a-73ce-4a92-976f-679efcc529b6",
                      "parentUUID": "74554e10-c691-43bc-86da-9137087fb26f",
                      "isHook": false,
                      "skipped": false
                    },
                    {
                      "title": "clear_tx_pool,should failed",
                      "fullTitle": "Ckb Node Rpc check Tests ankr-MIRANA(0.200.0 (52c2be1 2025-03-05)) Pool clear_tx_pool,should failed",
                      "timedOut": false,
                      "duration": 15,
                      "state": "passed",
                      "speed": "fast",
                      "pass": true,
                      "fail": false,
                      "pending": false,
                      "context": null,
                      "code": "return __awaiter(_this, void 0, void 0, function () {\n                    return __generator(this, function (_a) {\n                        switch (_a.label) {\n                            case 0: return [4 /*yield*/, ckbRequestTest(this.ctx, TestCkBkbClient.clearTxPool(), config)];\n                            case 1:\n                                _a.sent();\n                                return [2 /*return*/];\n                        }\n                    });\n                });",
                      "err": {},
                      "uuid": "dcfc82b7-d607-4c2d-a6bf-5e12675e3d25",
                      "parentUUID": "74554e10-c691-43bc-86da-9137087fb26f",
                      "isHook": false,
                      "skipped": false
                    },
                    {
                      "title": "get_raw_tx_pool",
                      "fullTitle": "Ckb Node Rpc check Tests ankr-MIRANA(0.200.0 (52c2be1 2025-03-05)) Pool get_raw_tx_pool",
                      "timedOut": false,
                      "duration": 66,
                      "state": "passed",
                      "speed": "medium",
                      "pass": true,
                      "fail": false,
                      "pending": false,
                      "context": null,
                      "code": "return __awaiter(_this, void 0, void 0, function () {\n                    return __generator(this, function (_a) {\n                        switch (_a.label) {\n                            case 0: return [4 /*yield*/, ckbRequestTest(this.ctx, TestCkBkbClient.getRawTxPool(), config)];\n                            case 1:\n                                _a.sent();\n                                return [2 /*return*/];\n                        }\n                    });\n                });",
                      "err": {},
                      "uuid": "d24dc783-02c4-45b3-920b-26df36d7231e",
                      "parentUUID": "74554e10-c691-43bc-86da-9137087fb26f",
                      "isHook": false,
                      "skipped": false
                    },
                    {
                      "title": "tx_pool_ready",
                      "fullTitle": "Ckb Node Rpc check Tests ankr-MIRANA(0.200.0 (52c2be1 2025-03-05)) Pool tx_pool_ready",
                      "timedOut": false,
                      "duration": 29,
                      "state": "passed",
                      "speed": "fast",
                      "pass": true,
                      "fail": false,
                      "pending": false,
                      "context": null,
                      "code": "return __awaiter(_this, void 0, void 0, function () {\n                    return __generator(this, function (_a) {\n                        switch (_a.label) {\n                            case 0: return [4 /*yield*/, ckbRequestTest(this.ctx, request(1, config.rpc, \"tx_pool_ready\", []), config)];\n                            case 1:\n                                _a.sent();\n                                return [2 /*return*/];\n                        }\n                    });\n                });",
                      "err": {},
                      "uuid": "1d803336-ab19-4269-bd4c-9318d1962661",
                      "parentUUID": "74554e10-c691-43bc-86da-9137087fb26f",
                      "isHook": false,
                      "skipped": false
                    }
                  ],
                  "suites": [],
                  "passes": [
                    "b8f6f4f4-c41e-4f0c-a7f5-d8f64ab74616",
                    "893cb024-8462-4b4e-bf7f-712b104c0379",
                    "ff7b725a-73ce-4a92-976f-679efcc529b6",
                    "dcfc82b7-d607-4c2d-a6bf-5e12675e3d25",
                    "d24dc783-02c4-45b3-920b-26df36d7231e",
                    "1d803336-ab19-4269-bd4c-9318d1962661"
                  ],
                  "failures": [],
                  "pending": [],
                  "skipped": [],
                  "duration": 139,
                  "root": false,
                  "rootEmpty": false,
                  "_timeout": 100000000
                },
                {
                  "uuid": "87d4315d-8ff6-4d14-be8e-7264be97b185",
                  "title": "Stats",
                  "fullFile": "/home/runner/work/CkbGuardian/CkbGuardian/ckb/test/ckb.spec.test.ts",
                  "file": "/test/ckb.spec.test.ts",
                  "beforeHooks": [],
                  "afterHooks": [],
                  "tests": [
                    {
                      "title": "get_blockchain_info",
                      "fullTitle": "Ckb Node Rpc check Tests ankr-MIRANA(0.200.0 (52c2be1 2025-03-05)) Stats get_blockchain_info",
                      "timedOut": false,
                      "duration": 219,
                      "state": "passed",
                      "speed": "slow",
                      "pass": true,
                      "fail": false,
                      "pending": false,
                      "context": null,
                      "code": "return __awaiter(_this, void 0, void 0, function () {\n                    return __generator(this, function (_a) {\n                        switch (_a.label) {\n                            case 0: return [4 /*yield*/, ckbRequestTest(this.ctx, request(1, config.rpc, \"get_blockchain_info\", []), config)];\n                            case 1:\n                                _a.sent();\n                                return [2 /*return*/];\n                        }\n                    });\n                });",
                      "err": {},
                      "uuid": "84a8536c-7f8a-4023-9bc1-58328eeb9291",
                      "parentUUID": "87d4315d-8ff6-4d14-be8e-7264be97b185",
                      "isHook": false,
                      "skipped": false
                    },
                    {
                      "title": "get_deployments_info",
                      "fullTitle": "Ckb Node Rpc check Tests ankr-MIRANA(0.200.0 (52c2be1 2025-03-05)) Stats get_deployments_info",
                      "timedOut": false,
                      "duration": 44,
                      "state": "passed",
                      "speed": "medium",
                      "pass": true,
                      "fail": false,
                      "pending": false,
                      "context": null,
                      "code": "return __awaiter(_this, void 0, void 0, function () {\n                    return __generator(this, function (_a) {\n                        switch (_a.label) {\n                            case 0: return [4 /*yield*/, ckbRequestTest(this.ctx, request(1, config.rpc, \"get_deployments_info\", []), config)];\n                            case 1:\n                                _a.sent();\n                                return [2 /*return*/];\n                        }\n                    });\n                });",
                      "err": {},
                      "uuid": "ab600e7d-8ba9-4758-a5b1-fcb54aa92065",
                      "parentUUID": "87d4315d-8ff6-4d14-be8e-7264be97b185",
                      "isHook": false,
                      "skipped": false
                    }
                  ],
                  "suites": [],
                  "passes": [
                    "84a8536c-7f8a-4023-9bc1-58328eeb9291",
                    "ab600e7d-8ba9-4758-a5b1-fcb54aa92065"
                  ],
                  "failures": [],
                  "pending": [],
                  "skipped": [],
                  "duration": 263,
                  "root": false,
                  "rootEmpty": false,
                  "_timeout": 100000000
                },
                {
                  "uuid": "a677bffb-41f7-4e80-8731-7d70d8779e2c",
                  "title": "Subscription",
                  "fullFile": "/home/runner/work/CkbGuardian/CkbGuardian/ckb/test/ckb.spec.test.ts",
                  "file": "/test/ckb.spec.test.ts",
                  "beforeHooks": [],
                  "afterHooks": [],
                  "tests": [
                    {
                      "title": "subscribe,should failed",
                      "fullTitle": "Ckb Node Rpc check Tests ankr-MIRANA(0.200.0 (52c2be1 2025-03-05)) Subscription subscribe,should failed",
                      "timedOut": false,
                      "duration": 16,
                      "state": "passed",
                      "speed": "fast",
                      "pass": true,
                      "fail": false,
                      "pending": false,
                      "context": null,
                      "code": "return __awaiter(_this, void 0, void 0, function () {\n                    return __generator(this, function (_a) {\n                        switch (_a.label) {\n                            case 0: return [4 /*yield*/, ckbRequestTest(this.ctx, request(1, config.rpc, \"subscribe\", [\"new_tip_header\"]), config)];\n                            case 1:\n                                _a.sent();\n                                return [2 /*return*/];\n                        }\n                    });\n                });",
                      "err": {},
                      "uuid": "f8ce9dea-9d07-48da-b5cd-1a4e2d3bc739",
                      "parentUUID": "a677bffb-41f7-4e80-8731-7d70d8779e2c",
                      "isHook": false,
                      "skipped": false
                    },
                    {
                      "title": "unsubscribe",
                      "fullTitle": "Ckb Node Rpc check Tests ankr-MIRANA(0.200.0 (52c2be1 2025-03-05)) Subscription unsubscribe",
                      "timedOut": false,
                      "duration": 0,
                      "state": "pending",
                      "speed": null,
                      "pass": false,
                      "fail": false,
                      "pending": true,
                      "context": null,
                      "code": "",
                      "err": {},
                      "uuid": "33ba43d7-4118-46b5-89d8-db5c517ca1f8",
                      "parentUUID": "a677bffb-41f7-4e80-8731-7d70d8779e2c",
                      "isHook": false,
                      "skipped": false
                    }
                  ],
                  "suites": [],
                  "passes": [
                    "f8ce9dea-9d07-48da-b5cd-1a4e2d3bc739"
                  ],
                  "failures": [],
                  "pending": [
                    "33ba43d7-4118-46b5-89d8-db5c517ca1f8"
                  ],
                  "skipped": [],
                  "duration": 16,
                  "root": false,
                  "rootEmpty": false,
                  "_timeout": 100000000
                }
              ],
              "passes": [],
              "failures": [],
              "pending": [],
              "skipped": [],
              "duration": 0,
              "root": false,
              "rootEmpty": false,
              "_timeout": 100000000
            }
          ],
          "passes": [],
          "failures": [],
          "pending": [],
          "skipped": [],
          "duration": 0,
          "root": false,
          "rootEmpty": false,
          "_timeout": 100000000
        }
      ],
      "passes": [],
      "failures": [],
      "pending": [],
      "skipped": [],
      "duration": 0,
      "root": true,
      "rootEmpty": true,
      "_timeout": 2000
    }
  ],
  "meta": {
    "mocha": {
      "version": "9.2.2"
    },
    "mochawesome": {
      "options": {
        "quiet": false,
        "reportFilename": "mochawesome",
        "saveHtml": true,
        "saveJson": true,
        "consoleReporter": "spec",
        "useInlineDiffs": false,
        "code": true
      },
      "version": "7.1.3"
    },
    "marge": {
      "options": null,
      "version": "6.2.0"
    }
  }
}